[0mGET /users/profile/5eedf11a38647f2df40c92b2 [36m302[0m 112.050 ms - 70[0m
[0mGET /users/signIn [32m200[0m 25.918 ms - 10129[0m
[0mGET /users/signIn [36m304[0m 9.901 ms - -[0m
[0mGET /users/signIn [36m304[0m 13.050 ms - -[0m
[0mPOST /users/create_session [36m302[0m 30.377 ms - 46[0m
[0mGET / [32m200[0m 205.325 ms - 24534[0m
[0mGET /users/profile/5eedf0d138647f2df40c92ac [32m200[0m 30.470 ms - 12707[0m
[0mGET /users/profile/5eedf0d138647f2df40c92ac [36m304[0m 17.249 ms - -[0m
[0mGET /users/profile/5eedf0d138647f2df40c92ac [36m304[0m 17.610 ms - -[0m
[0mGET /users/profile/5eedf0d138647f2df40c92ac [36m304[0m 16.227 ms - -[0m
[0mGET /users/profile/5eedf0d138647f2df40c92ac [36m304[0m 15.202 ms - -[0m
[0mGET /users/profile/5eedf0d138647f2df40c92ac [36m304[0m 18.336 ms - -[0m
[0mGET /users/profile/5eedf0d138647f2df40c92ac [36m304[0m 18.418 ms - -[0m
[0mGET /users/profile/5eedf0d138647f2df40c92ac [36m304[0m 24.198 ms - -[0m
[0mGET /users/profile/5eedf0d138647f2df40c92ac [36m304[0m 23.389 ms - -[0m
[0mGET /users/profile/5eedf0d138647f2df40c92ac [36m304[0m 16.125 ms - -[0m
[0mGET /users/profile/5eedf0d138647f2df40c92ac [36m304[0m 22.599 ms - -[0m
[0mGET /users/profile/5eedf0d138647f2df40c92ac [36m304[0m 20.999 ms - -[0m
[0mGET /users/profile/5eedf0d138647f2df40c92ac [36m304[0m 21.288 ms - -[0m
[0mGET /users/profile/5eedf0d138647f2df40c92ac [36m304[0m 16.942 ms - -[0m
[0mGET /users/profile/5eedf0d138647f2df40c92ac [36m304[0m 29.198 ms - -[0m
[0mGET /users/profile/5eedf0d138647f2df40c92ac [36m304[0m 21.173 ms - -[0m
[0mGET /users/profile/5eedf0d138647f2df40c92ac [36m304[0m 19.671 ms - -[0m
[0mGET /users/profile/5eedf0d138647f2df40c92ac [36m304[0m 17.767 ms - -[0m
[0mGET /users/profile/5eedf0d138647f2df40c92ac [36m304[0m 17.538 ms - -[0m
[0mGET /users/profile/5eedf0d138647f2df40c92ac [36m304[0m 20.938 ms - -[0m
[0mGET /users/profile/5eedf0d138647f2df40c92ac [36m304[0m 19.342 ms - -[0m
[0mGET /users/profile/5eedf0d138647f2df40c92ac [36m304[0m 20.369 ms - -[0m
[0mGET /users/profile/5eedf0d138647f2df40c92ac [36m304[0m 18.993 ms - -[0m
[0mGET /users/profile/5eedf0d138647f2df40c92ac [36m304[0m 16.357 ms - -[0m
[0mGET /users/profile/5eedf0d138647f2df40c92ac [36m304[0m 19.573 ms - -[0m
[0mGET /users/profile/5eedf0d138647f2df40c92ac [36m304[0m 19.479 ms - -[0m
[0mGET /users/profile/5eedf0d138647f2df40c92ac [36m304[0m 16.321 ms - -[0m
[0mGET /users/profile/5eedf0d138647f2df40c92ac [36m304[0m 20.071 ms - -[0m
[0mGET /users/profile/5eedf0d138647f2df40c92ac [32m200[0m 29.257 ms - 12697[0m
[0mGET /users/profile/5eedf0d138647f2df40c92ac [32m200[0m 23.282 ms - 12705[0m
[0mGET /users/profile/5eedf0d138647f2df40c92ac [32m200[0m 30.852 ms - 12697[0m
[0mGET /users/profile/5eedf0d138647f2df40c92ac [36m304[0m 17.417 ms - -[0m
[0mGET /users/profile/5eedf0d138647f2df40c92ac [36m304[0m 21.639 ms - -[0m
[0mGET /users/profile/5eedf0d138647f2df40c92ac [36m304[0m 18.313 ms - -[0m
[0mGET /users/profile/5eedf0d138647f2df40c92ac [36m304[0m 26.098 ms - -[0m
[0mGET /users/profile/5eedf0d138647f2df40c92ac [36m304[0m 21.211 ms - -[0m
[0mGET /users/profile/5eedf0d138647f2df40c92ac [36m304[0m 14.983 ms - -[0m
[0mGET /users/profile/5eedf0d138647f2df40c92ac [36m304[0m 16.119 ms - -[0m
[0mGET /users/profile/5eedf0d138647f2df40c92ac [36m304[0m 18.520 ms - -[0m
[0mGET /users/profile/5eedf0d138647f2df40c92ac [36m304[0m 16.270 ms - -[0m
[0mGET /users/profile/5eedf0d138647f2df40c92ac [36m304[0m 20.875 ms - -[0m
[0mGET /users/profile/5eedf0d138647f2df40c92ac [36m304[0m 20.495 ms - -[0m
[0mGET /users/profile/5eedf0d138647f2df40c92ac [36m304[0m 21.025 ms - -[0m
[0mGET /users/profile/5eedf0d138647f2df40c92ac [36m304[0m 11.241 ms - -[0m
[0mGET /users/profile/5eedf0d138647f2df40c92ac [36m304[0m 15.863 ms - -[0m
[0mGET /users/profile/5eedf0d138647f2df40c92ac [36m304[0m 23.106 ms - -[0m
[0mGET /users/profile/5eedf0d138647f2df40c92ac [36m304[0m 15.247 ms - -[0m
[0mGET /users/profile/5eedf0d138647f2df40c92ac [36m304[0m 16.087 ms - -[0m
[0mGET /users/profile/5eedf0d138647f2df40c92ac [36m304[0m 11.304 ms - -[0m
[0mGET /users/profile/5eedf0d138647f2df40c92ac [36m304[0m 18.716 ms - -[0m
[0mGET /users/profile/5eedf0d138647f2df40c92ac [36m304[0m 19.424 ms - -[0m
[0mGET /users/profile/5eedf0d138647f2df40c92ac [36m304[0m 21.351 ms - -[0m
[0mGET /users/profile/5eedf0d138647f2df40c92ac [36m304[0m 25.453 ms - -[0m
[0mGET /users/profile/5eedf0d138647f2df40c92ac [36m304[0m 123.990 ms - -[0m
[0mGET /users/profile/5eedf0d138647f2df40c92ac [36m304[0m 30.590 ms - -[0m
[0mGET /users/profile/5eedf0d138647f2df40c92ac [36m304[0m 16.353 ms - -[0m
[0mGET /users/profile/5eedf0d138647f2df40c92ac [36m304[0m 25.262 ms - -[0m
[0mGET /users/profile/5eedf0d138647f2df40c92ac [36m304[0m 22.234 ms - -[0m
[0mGET /users/profile/5eedf0d138647f2df40c92ac [36m304[0m 19.328 ms - -[0m
[0mGET /users/profile/5eedf0d138647f2df40c92ac [36m304[0m 18.253 ms - -[0m
[0mGET /users/profile/5eedf0d138647f2df40c92ac [36m304[0m 30.323 ms - -[0m
[0mGET /users/profile/5eedf0d138647f2df40c92ac [36m304[0m 21.023 ms - -[0m
[0mGET /users/profile/5eedf0d138647f2df40c92ac [36m304[0m 24.860 ms - -[0m
[0mGET /users/profile/5eedf0d138647f2df40c92ac [36m304[0m 29.698 ms - -[0m
[0mGET /users/profile/5eedf0d138647f2df40c92ac [36m304[0m 36.632 ms - -[0m
[0mGET /users/profile/5eedf0d138647f2df40c92ac [36m304[0m 36.094 ms - -[0m
[0mGET /users/profile/5eedf0d138647f2df40c92ac [32m200[0m 21.987 ms - 13026[0m
[0mGET /users/profile/5eedf0d138647f2df40c92ac [36m304[0m 30.157 ms - -[0m
[0mGET /users/profile/5eedf0d138647f2df40c92ac [36m304[0m 31.865 ms - -[0m
[0mGET /users/profile/5eedf0d138647f2df40c92ac [36m304[0m 36.741 ms - -[0m
[0mGET /users/profile/5eedf0d138647f2df40c92ac [36m304[0m 15.000 ms - -[0m
[0mGET /users/profile/5eedf0d138647f2df40c92ac [36m304[0m 18.170 ms - -[0m
[0mGET /users/profile/5eedf0d138647f2df40c92ac [36m304[0m 20.971 ms - -[0m
[0mGET /users/profile/5eedf0d138647f2df40c92ac [36m304[0m 16.570 ms - -[0m
[0mGET /users/profile/5eedf0d138647f2df40c92ac [36m304[0m 23.602 ms - -[0m
[0mGET /users/profile/5eedf0d138647f2df40c92ac [32m200[0m 20.128 ms - 13462[0m
[0mGET /users/profile/5eedf0d138647f2df40c92ac [32m200[0m 30.052 ms - 13509[0m
[0mGET /users/profile/5eedf0d138647f2df40c92ac [36m304[0m 26.974 ms - -[0m
[0mGET /users/profile/5eedf0d138647f2df40c92ac [36m304[0m 23.953 ms - -[0m
[0mGET /users/profile/5eedf0d138647f2df40c92ac [32m200[0m 24.203 ms - 13454[0m
[0mGET /users/profile/5eedf0d138647f2df40c92ac [36m304[0m 19.759 ms - -[0m
[0mGET /users/profile/5eedf0d138647f2df40c92ac [36m304[0m 20.222 ms - -[0m
[0mGET /users/profile/5eedf0d138647f2df40c92ac [32m200[0m 32.311 ms - 13453[0m
[0mGET /users/profile/5eedf0d138647f2df40c92ac [32m200[0m 22.336 ms - 13454[0m
[0mGET /users/profile/5eedf0d138647f2df40c92ac [32m200[0m 18.951 ms - 13886[0m
[0mGET /users/profile/5eedf0d138647f2df40c92ac [32m200[0m 17.580 ms - 13834[0m
[0mGET /users/profile/5eedf0d138647f2df40c92ac [32m200[0m 23.885 ms - 13454[0m
[0mGET /users/profile/5eedf0d138647f2df40c92ac [32m200[0m 20.657 ms - 13476[0m
[0mGET /users/profile/5eedf0d138647f2df40c92ac [32m200[0m 20.919 ms - 13487[0m
[0mGET /users/profile/5eedf0d138647f2df40c92ac [32m200[0m 22.423 ms - 13466[0m
[0mGET /users/profile/5eedf0d138647f2df40c92ac [32m200[0m 32.461 ms - 13470[0m
[0mGET /users/profile/5eedf0d138647f2df40c92ac [32m200[0m 23.768 ms - 13484[0m
[0mGET /users/profile/5eedf0d138647f2df40c92ac [32m200[0m 25.155 ms - 13446[0m
[0mGET /users/profile/5eedf0d138647f2df40c92ac [36m304[0m 16.847 ms - -[0m
[0mGET /users/profile/5eedf0d138647f2df40c92ac [32m200[0m 25.071 ms - 13446[0m
[0mGET /users/profile/5eedf0d138647f2df40c92ac [32m200[0m 33.237 ms - 13470[0m
[0mGET /users/profile/5eedf0d138647f2df40c92ac [32m200[0m 26.020 ms - 13484[0m
[0mGET /users/profile/5eedf0d138647f2df40c92ac [32m200[0m 27.825 ms - 13470[0m
[0mGET /users/profile/5eedf0d138647f2df40c92ac [32m200[0m 20.719 ms - 13470[0m
[0mGET /users/profile/5eedf0d138647f2df40c92ac [36m304[0m 15.321 ms - -[0m
[0mGET /users/profile/5eedf0d138647f2df40c92ac [32m200[0m 19.933 ms - 13494[0m
[0mGET /users/profile/5eedf0d138647f2df40c92ac [32m200[0m 27.500 ms - 13494[0m
[0mGET /users/profile/5eedf0d138647f2df40c92ac [32m200[0m 29.914 ms - 13498[0m
[0mGET /users/profile/5eedf0d138647f2df40c92ac [32m200[0m 25.380 ms - 13520[0m
[0mGET /users/profile/5eedf0d138647f2df40c92ac [36m304[0m 20.154 ms - -[0m
[0mGET /users/profile/5eedf0d138647f2df40c92ac [32m200[0m 17.924 ms - 13498[0m
[0mGET /users/signOut [36m302[0m 16.593 ms - 46[0m
[0mGET / [32m200[0m 68.314 ms - 15320[0m
[0mGET /users/signUp [32m200[0m 12.905 ms - 10836[0m
[0mGET /users/auth/google [36m302[0m 14.664 ms - 0[0m
[0mGET /users/signIn [36m304[0m 11.887 ms - -[0m
[0mPOST /users/create_session [36m302[0m 4.297 ms - 46[0m
[0mGET / [32m200[0m 57.298 ms - 24344[0m
[0mGET /users/profile/5eedf11a38647f2df40c92b2 [32m200[0m 29.851 ms - 13492[0m
[0mGET /users/profile/5eedf11a38647f2df40c92b2 [36m304[0m 13.712 ms - -[0m
[0mPOST /users/profile/update/5eedf11a38647f2df40c92b2 [36m302[0m 33.982 ms - 164[0m
[0mGET /users/profile/5eedf11a38647f2df40c92b2 [32m200[0m 22.799 ms - 13378[0m
[0mGET /users/profile/5eedf11a38647f2df40c92b2 [36m304[0m 29.072 ms - -[0m
[0mGET /users/signOut [36m302[0m 3.740 ms - 46[0m
[0mGET / [32m200[0m 43.240 ms - 15244[0m
[0mGET /users/signIn [36m304[0m 13.505 ms - -[0m
[0mPOST /users/create_session [36m302[0m 10.292 ms - 46[0m
[0mGET / [32m200[0m 66.124 ms - 24268[0m
::1 - - [30/Jun/2020:03:47:59 +0000] "GET / HTTP/1.1" 200 10049 "http://localhost:8000/users/signIn" "Mozilla/5.0 (Windows NT 10.0; Win64; x64) AppleWebKit/537.36 (KHTML, like Gecko) Chrome/83.0.4103.116 Safari/537.36"
::1 - - [30/Jun/2020:03:47:59 +0000] "GET /css/header-abee71f135.css HTTP/1.1" 404 164 "http://localhost:8000/" "Mozilla/5.0 (Windows NT 10.0; Win64; x64) AppleWebKit/537.36 (KHTML, like Gecko) Chrome/83.0.4103.116 Safari/537.36"
::1 - - [30/Jun/2020:03:48:01 +0000] "GET /users/signIn HTTP/1.1" 200 10217 "http://localhost:8000/" "Mozilla/5.0 (Windows NT 10.0; Win64; x64) AppleWebKit/537.36 (KHTML, like Gecko) Chrome/83.0.4103.116 Safari/537.36"
::1 - - [30/Jun/2020:03:48:01 +0000] "GET /css/header-abee71f135.css HTTP/1.1" 404 164 "http://localhost:8000/users/signIn" "Mozilla/5.0 (Windows NT 10.0; Win64; x64) AppleWebKit/537.36 (KHTML, like Gecko) Chrome/83.0.4103.116 Safari/537.36"
::1 - - [30/Jun/2020:03:48:04 +0000] "GET / HTTP/1.1" 304 - "http://localhost:8000/users/signIn" "Mozilla/5.0 (Windows NT 10.0; Win64; x64) AppleWebKit/537.36 (KHTML, like Gecko) Chrome/83.0.4103.116 Safari/537.36"
::1 - - [30/Jun/2020:03:48:04 +0000] "GET /css/header-abee71f135.css HTTP/1.1" 404 164 "http://localhost:8000/" "Mozilla/5.0 (Windows NT 10.0; Win64; x64) AppleWebKit/537.36 (KHTML, like Gecko) Chrome/83.0.4103.116 Safari/537.36"
::1 - - [30/Jun/2020:03:48:11 +0000] "GET /css/header-abee71f135.css HTTP/1.1" 404 164 "http://localhost:8000/" "Mozilla/5.0 (Windows NT 10.0; Win64; x64) AppleWebKit/537.36 (KHTML, like Gecko) Chrome/83.0.4103.116 Safari/537.36"
::ffff:127.0.0.1 - - [30/Jun/2020:03:48:33 +0000] "GET / HTTP/1.1" 200 10025 "http://localhost:8000/users/signIn" "Mozilla/5.0 (Windows NT 10.0; Win64; x64) AppleWebKit/537.36 (KHTML, like Gecko) Chrome/83.0.4103.116 Safari/537.36"
::1 - - [30/Jun/2020:03:48:33 +0000] "GET /undefined HTTP/1.1" 404 148 "http://localhost:8000/" "Mozilla/5.0 (Windows NT 10.0; Win64; x64) AppleWebKit/537.36 (KHTML, like Gecko) Chrome/83.0.4103.116 Safari/537.36"
::1 - - [30/Jun/2020:03:48:58 +0000] "GET / HTTP/1.1" 200 10049 "http://localhost:8000/users/signIn" "Mozilla/5.0 (Windows NT 10.0; Win64; x64) AppleWebKit/537.36 (KHTML, like Gecko) Chrome/83.0.4103.116 Safari/537.36"
::1 - - [30/Jun/2020:03:48:58 +0000] "GET /css/header-abee71f135.css HTTP/1.1" 404 164 "http://localhost:8000/" "Mozilla/5.0 (Windows NT 10.0; Win64; x64) AppleWebKit/537.36 (KHTML, like Gecko) Chrome/83.0.4103.116 Safari/537.36"
::1 - - [30/Jun/2020:03:48:58 +0000] "GET /css/header-abee71f135.css HTTP/1.1" 404 164 "http://localhost:8000/" "Mozilla/5.0 (Windows NT 10.0; Win64; x64) AppleWebKit/537.36 (KHTML, like Gecko) Chrome/83.0.4103.116 Safari/537.36"
::ffff:127.0.0.1 - - [30/Jun/2020:03:49:46 +0000] "GET / HTTP/1.1" - - "http://localhost:8000/users/signIn" "Mozilla/5.0 (Windows NT 10.0; Win64; x64) AppleWebKit/537.36 (KHTML, like Gecko) Chrome/83.0.4103.116 Safari/537.36"
::ffff:127.0.0.1 - - [30/Jun/2020:03:49:46 +0000] "GET / HTTP/1.1" 200 10049 "http://localhost:8000/users/signIn" "Mozilla/5.0 (Windows NT 10.0; Win64; x64) AppleWebKit/537.36 (KHTML, like Gecko) Chrome/83.0.4103.116 Safari/537.36"
::1 - - [30/Jun/2020:03:49:49 +0000] "GET /users/signIn HTTP/1.1" 200 10217 "http://localhost:8000/" "Mozilla/5.0 (Windows NT 10.0; Win64; x64) AppleWebKit/537.36 (KHTML, like Gecko) Chrome/83.0.4103.116 Safari/537.36"
::ffff:127.0.0.1 - - [30/Jun/2020:03:49:54 +0000] "POST /users/create_session HTTP/1.1" 302 70 "http://localhost:8000/users/signIn" "Mozilla/5.0 (Windows NT 10.0; Win64; x64) AppleWebKit/537.36 (KHTML, like Gecko) Chrome/83.0.4103.116 Safari/537.36"
::ffff:127.0.0.1 - - [30/Jun/2020:03:49:54 +0000] "GET /users/signIn HTTP/1.1" 200 10433 "http://localhost:8000/users/signIn" "Mozilla/5.0 (Windows NT 10.0; Win64; x64) AppleWebKit/537.36 (KHTML, like Gecko) Chrome/83.0.4103.116 Safari/537.36"
::1 - - [30/Jun/2020:03:50:01 +0000] "GET / HTTP/1.1" 304 - "http://localhost:8000/users/signIn" "Mozilla/5.0 (Windows NT 10.0; Win64; x64) AppleWebKit/537.36 (KHTML, like Gecko) Chrome/83.0.4103.116 Safari/537.36"
::1 - - [30/Jun/2020:03:50:05 +0000] "GET /users/signIn HTTP/1.1" 200 10217 "http://localhost:8000/" "Mozilla/5.0 (Windows NT 10.0; Win64; x64) AppleWebKit/537.36 (KHTML, like Gecko) Chrome/83.0.4103.116 Safari/537.36"
::1 - - [30/Jun/2020:03:50:09 +0000] "GET /users/auth/google HTTP/1.1" 302 0 "http://localhost:8000/users/signIn" "Mozilla/5.0 (Windows NT 10.0; Win64; x64) AppleWebKit/537.36 (KHTML, like Gecko) Chrome/83.0.4103.116 Safari/537.36"
::1 - - [30/Jun/2020:03:50:20 +0000] "POST /users/create_session HTTP/1.1" 302 46 "http://localhost:8000/users/signIn" "Mozilla/5.0 (Windows NT 10.0; Win64; x64) AppleWebKit/537.36 (KHTML, like Gecko) Chrome/83.0.4103.116 Safari/537.36"
::1 - - [30/Jun/2020:03:50:20 +0000] "GET / HTTP/1.1" 200 12199 "http://localhost:8000/users/signIn" "Mozilla/5.0 (Windows NT 10.0; Win64; x64) AppleWebKit/537.36 (KHTML, like Gecko) Chrome/83.0.4103.116 Safari/537.36"
::1 - - [30/Jun/2020:03:50:22 +0000] "GET /users/profile/5ef48da9319ecd0b64eca390 HTTP/1.1" 200 13586 "http://localhost:8000/" "Mozilla/5.0 (Windows NT 10.0; Win64; x64) AppleWebKit/537.36 (KHTML, like Gecko) Chrome/83.0.4103.116 Safari/537.36"
::1 - - [30/Jun/2020:03:50:37 +0000] "GET /users/signOut HTTP/1.1" 302 46 "http://localhost:8000/users/profile/5ef48da9319ecd0b64eca390" "Mozilla/5.0 (Linux; Android 5.0; SM-G900P Build/LRX21T) AppleWebKit/537.36 (KHTML, like Gecko) Chrome/83.0.4103.116 Mobile Safari/537.36"
::1 - - [30/Jun/2020:03:50:37 +0000] "GET / HTTP/1.1" 200 10260 "http://localhost:8000/users/profile/5ef48da9319ecd0b64eca390" "Mozilla/5.0 (Linux; Android 5.0; SM-G900P Build/LRX21T) AppleWebKit/537.36 (KHTML, like Gecko) Chrome/83.0.4103.116 Mobile Safari/537.36"
::1 - - [30/Jun/2020:03:51:02 +0000] "GET /users/signUp HTTP/1.1" 200 10924 "http://localhost:8000/" "Mozilla/5.0 (Windows NT 10.0; Win64; x64) AppleWebKit/537.36 (KHTML, like Gecko) Chrome/83.0.4103.116 Safari/537.36"
::1 - - [30/Jun/2020:03:51:03 +0000] "GET /users/signIn HTTP/1.1" 304 - "http://localhost:8000/users/signUp" "Mozilla/5.0 (Windows NT 10.0; Win64; x64) AppleWebKit/537.36 (KHTML, like Gecko) Chrome/83.0.4103.116 Safari/537.36"
::1 - - [30/Jun/2020:03:51:05 +0000] "POST /users/create_session HTTP/1.1" 302 46 "http://localhost:8000/users/signIn" "Mozilla/5.0 (Windows NT 10.0; Win64; x64) AppleWebKit/537.36 (KHTML, like Gecko) Chrome/83.0.4103.116 Safari/537.36"
::1 - - [30/Jun/2020:03:51:05 +0000] "GET / HTTP/1.1" 200 12199 "http://localhost:8000/users/signIn" "Mozilla/5.0 (Windows NT 10.0; Win64; x64) AppleWebKit/537.36 (KHTML, like Gecko) Chrome/83.0.4103.116 Safari/537.36"
::1 - - [30/Jun/2020:03:51:08 +0000] "GET /users/profile/5ef48da9319ecd0b64eca390 HTTP/1.1" 304 - "http://localhost:8000/" "Mozilla/5.0 (Windows NT 10.0; Win64; x64) AppleWebKit/537.36 (KHTML, like Gecko) Chrome/83.0.4103.116 Safari/537.36"
::1 - - [30/Jun/2020:03:51:41 +0000] "GET /users/profile/5ef48da9319ecd0b64eca390 HTTP/1.1" 200 13586 "http://localhost:8000/" "Mozilla/5.0 (Windows NT 10.0; Win64; x64) AppleWebKit/537.36 (KHTML, like Gecko) Chrome/83.0.4103.116 Safari/537.36"
::1 - - [30/Jun/2020:03:52:14 +0000] "POST /users/profile/update/5ef48da9319ecd0b64eca390 HTTP/1.1" 302 164 "http://localhost:8000/users/profile/5ef48da9319ecd0b64eca390" "Mozilla/5.0 (Windows NT 10.0; Win64; x64) AppleWebKit/537.36 (KHTML, like Gecko) Chrome/83.0.4103.116 Safari/537.36"
::1 - - [30/Jun/2020:03:52:14 +0000] "GET /users/profile/5ef48da9319ecd0b64eca390 HTTP/1.1" 200 13590 "http://localhost:8000/users/profile/5ef48da9319ecd0b64eca390" "Mozilla/5.0 (Windows NT 10.0; Win64; x64) AppleWebKit/537.36 (KHTML, like Gecko) Chrome/83.0.4103.116 Safari/537.36"
::1 - - [30/Jun/2020:03:52:26 +0000] "POST /users/profile/update/5ef48da9319ecd0b64eca390 HTTP/1.1" 302 164 "http://localhost:8000/users/profile/5ef48da9319ecd0b64eca390" "Mozilla/5.0 (Windows NT 10.0; Win64; x64) AppleWebKit/537.36 (KHTML, like Gecko) Chrome/83.0.4103.116 Safari/537.36"
::1 - - [30/Jun/2020:03:52:26 +0000] "GET /users/profile/5ef48da9319ecd0b64eca390 HTTP/1.1" 200 13574 "http://localhost:8000/users/profile/5ef48da9319ecd0b64eca390" "Mozilla/5.0 (Windows NT 10.0; Win64; x64) AppleWebKit/537.36 (KHTML, like Gecko) Chrome/83.0.4103.116 Safari/537.36"
::1 - - [30/Jun/2020:03:52:36 +0000] "POST /users/profile/update/5ef48da9319ecd0b64eca390 HTTP/1.1" 302 164 "http://localhost:8000/users/profile/5ef48da9319ecd0b64eca390" "Mozilla/5.0 (Windows NT 10.0; Win64; x64) AppleWebKit/537.36 (KHTML, like Gecko) Chrome/83.0.4103.116 Safari/537.36"
::1 - - [30/Jun/2020:03:52:36 +0000] "GET /users/profile/5ef48da9319ecd0b64eca390 HTTP/1.1" 200 13590 "http://localhost:8000/users/profile/5ef48da9319ecd0b64eca390" "Mozilla/5.0 (Windows NT 10.0; Win64; x64) AppleWebKit/537.36 (KHTML, like Gecko) Chrome/83.0.4103.116 Safari/537.36"
::1 - - [30/Jun/2020:03:52:40 +0000] "GET /users/profile/5ef48da9319ecd0b64eca390 HTTP/1.1" 304 - "http://localhost:8000/users/profile/5ef48da9319ecd0b64eca390" "Mozilla/5.0 (Windows NT 10.0; Win64; x64) AppleWebKit/537.36 (KHTML, like Gecko) Chrome/83.0.4103.116 Safari/537.36"
::1 - - [30/Jun/2020:03:52:41 +0000] "GET / HTTP/1.1" 200 11985 "http://localhost:8000/users/profile/5ef48da9319ecd0b64eca390" "Mozilla/5.0 (Windows NT 10.0; Win64; x64) AppleWebKit/537.36 (KHTML, like Gecko) Chrome/83.0.4103.116 Safari/537.36"
::1 - - [30/Jun/2020:03:53:05 +0000] "POST /post/create HTTP/1.1" 200 288 "http://localhost:8000/" "Mozilla/5.0 (Windows NT 10.0; Win64; x64) AppleWebKit/537.36 (KHTML, like Gecko) Chrome/83.0.4103.116 Safari/537.36"
::1 - - [30/Jun/2020:03:53:07 +0000] "POST /likes/toggle/?type=Post&id=5efab721e465c13528d50d5c HTTP/1.1" 200 57 "http://localhost:8000/" "Mozilla/5.0 (Windows NT 10.0; Win64; x64) AppleWebKit/537.36 (KHTML, like Gecko) Chrome/83.0.4103.116 Safari/537.36"
::1 - - [30/Jun/2020:03:53:08 +0000] "GET / HTTP/1.1" 200 13787 "http://localhost:8000/users/profile/5ef48da9319ecd0b64eca390" "Mozilla/5.0 (Windows NT 10.0; Win64; x64) AppleWebKit/537.36 (KHTML, like Gecko) Chrome/83.0.4103.116 Safari/537.36"
[0mGET / [32m200[0m 86.915 ms - 15033[0m
[0mGET / [36m304[0m 52.201 ms - -[0m
[0mGET / [36m304[0m 39.627 ms - -[0m
[0mGET /users/signIn [32m200[0m 14.838 ms - 10129[0m
[0mPOST /users/create_session [36m302[0m 12.079 ms - 46[0m
[0mGET / [32m200[0m 49.180 ms - 24268[0m
[0mGET /users/profile/5eedf11a38647f2df40c92b2 [36m304[0m 34.038 ms - -[0m
[0mGET /users/profile/5eedf11a38647f2df40c92b2 [32m200[0m 31.305 ms - 11214[0m
[0mGET /users/profile/5eedf11a38647f2df40c92b2 [36m304[0m 18.158 ms - -[0m
[0mGET /users/profile/5eedf11a38647f2df40c92b2 [36m304[0m 30.615 ms - -[0m
[0mGET /users/profile/5eedf11a38647f2df40c92b2 [36m304[0m 20.642 ms - -[0m
[0mGET /users/profile/5eedf11a38647f2df40c92b2 [32m200[0m 19.684 ms - 11226[0m
[0mGET /users/profile/5eedf11a38647f2df40c92b2 [32m200[0m 21.774 ms - 11237[0m
[0mGET /users/profile/5eedf11a38647f2df40c92b2 [32m200[0m 26.130 ms - 11243[0m
[0mGET /users/profile/5eedf11a38647f2df40c92b2 [32m200[0m 26.320 ms - 11243[0m
[0mGET /users/profile/5eedf11a38647f2df40c92b2 [32m200[0m 30.454 ms - 11232[0m
[0mGET /users/profile/5eedf11a38647f2df40c92b2 [36m304[0m 17.308 ms - -[0m
[0mGET /users/profile/5eedf11a38647f2df40c92b2 [36m304[0m 28.825 ms - -[0m
[0mGET /users/profile/5eedf11a38647f2df40c92b2 [36m304[0m 17.809 ms - -[0m
[0mGET /users/profile/5eedf11a38647f2df40c92b2 [36m304[0m 22.145 ms - -[0m
[0mGET /users/profile/5eedf11a38647f2df40c92b2 [36m304[0m 26.211 ms - -[0m
[0mGET /users/profile/5eedf11a38647f2df40c92b2 [36m304[0m 21.797 ms - -[0m
[0mGET /users/profile/5eedf11a38647f2df40c92b2 [36m304[0m 26.918 ms - -[0m
[0mGET /users/profile/5eedf11a38647f2df40c92b2 [36m304[0m 12.933 ms - -[0m
[0mGET /users/profile/5eedf11a38647f2df40c92b2 [36m304[0m 18.065 ms - -[0m
[0mGET /users/profile/5eedf11a38647f2df40c92b2 [36m304[0m 21.839 ms - -[0m
[0mGET /users/profile/5eedf11a38647f2df40c92b2 [36m304[0m 19.252 ms - -[0m
[0mGET /users/profile/5eedf11a38647f2df40c92b2 [36m304[0m 26.216 ms - -[0m
[0mGET /users/profile/5eedf11a38647f2df40c92b2 [36m304[0m 24.646 ms - -[0m
[0mGET /users/profile/5eedf11a38647f2df40c92b2 [36m304[0m 12.153 ms - -[0m
[0mGET /users/profile/5eedf11a38647f2df40c92b2 [36m304[0m 31.806 ms - -[0m
[0mGET /users/profile/5eedf11a38647f2df40c92b2 [36m304[0m 16.813 ms - -[0m
[0mGET /users/profile/5eedf11a38647f2df40c92b2 [36m304[0m 19.088 ms - -[0m
[0mGET /users/profile/5eedf11a38647f2df40c92b2 [36m304[0m 16.439 ms - -[0m
[0mGET /users/profile/5eedf11a38647f2df40c92b2 [36m304[0m 16.565 ms - -[0m
[0mGET /users/signOut [36m302[0m 4.769 ms - 46[0m
[0mGET / [32m200[0m 51.717 ms - 15244[0m
[0mGET /users/signIn [36m304[0m 9.270 ms - -[0m
[0mPOST /users/create_session [36m302[0m 10.647 ms - 46[0m
[0mGET / [32m200[0m 55.835 ms - 24268[0m
[0mPOST /likes/toggle/?type=Post&id=5ef2e5bed2270b3334c5661a [32m200[0m 37.898 ms - 57[0m
[0mPOST /likes/toggle/?type=Comment&id=5ef19b1a7888da3e34fa75e4 [32m200[0m 13.974 ms - 57[0m
[0mGET / [32m200[0m 49.144 ms - 24318[0m
[0mGET / [36m304[0m 55.918 ms - -[0m
[0mGET /users/profile/5eedf11a38647f2df40c92b2 [36m304[0m 25.771 ms - -[0m
[0mGET /users/profile/5eedf11a38647f2df40c92b2 [36m304[0m 28.276 ms - -[0m
[0mGET /users/profile/5eedf11a38647f2df40c92b2 [36m304[0m 25.691 ms - -[0m
[0mGET /users/profile/5eedf11a38647f2df40c92b2 [36m304[0m 14.987 ms - -[0m
[0mGET /users/profile/5eedf11a38647f2df40c92b2 [36m304[0m 20.886 ms - -[0m
[0mGET /users/profile/5eedf11a38647f2df40c92b2 [36m304[0m 26.605 ms - -[0m
[0mGET /users/profile/5eedf11a38647f2df40c92b2 [36m304[0m 26.300 ms - -[0m
[0mGET /users/profile/5eedf11a38647f2df40c92b2 [32m200[0m 40.886 ms - 11247[0m
[0mGET /users/profile/5eedf11a38647f2df40c92b2 [32m200[0m 29.839 ms - 11246[0m
[0mGET /users/profile/5eedf11a38647f2df40c92b2 [32m200[0m 25.631 ms - 11254[0m
[0mGET /users/profile/5eedf11a38647f2df40c92b2 [36m304[0m 18.858 ms - -[0m
[0mGET /users/profile/5eedf11a38647f2df40c92b2 [36m304[0m 18.444 ms - -[0m
[0mGET /users/profile/5eedf11a38647f2df40c92b2 [36m304[0m 17.959 ms - -[0m
[0mGET /users/profile/5eedf11a38647f2df40c92b2 [36m304[0m 29.980 ms - -[0m
[0mGET /users/signOut [36m302[0m 16.474 ms - 46[0m
[0mGET / [32m200[0m 67.775 ms - 15244[0m
[0mGET /users/signIn [36m304[0m 6.200 ms - -[0m
[0mPOST /users/create_session [36m302[0m 12.065 ms - 46[0m
[0mGET / [32m200[0m 67.153 ms - 24534[0m
[0mGET /users/profile/5eedf11a38647f2df40c92b2 [36m304[0m 26.368 ms - -[0m
[0mGET /users/profile/5eedf11a38647f2df40c92b2 [36m304[0m 21.957 ms - -[0m
[0mGET /users/profile/5eedf11a38647f2df40c92b2 [36m304[0m 20.718 ms - -[0m
[0mGET /users/profile/5eedf11a38647f2df40c92b2 [32m200[0m 21.581 ms - 11262[0m
[0mGET /users/profile/5eedf11a38647f2df40c92b2 [32m200[0m 25.547 ms - 11271[0m
[0mGET /users/profile/5eedf11a38647f2df40c92b2 [32m200[0m 24.603 ms - 11273[0m
[0mGET /users/profile/5eedf11a38647f2df40c92b2 [32m200[0m 28.290 ms - 11289[0m
[0mGET /users/profile/5eedf11a38647f2df40c92b2 [32m200[0m 21.703 ms - 11289[0m
[0mGET /users/profile/5eedf11a38647f2df40c92b2 [32m200[0m 27.376 ms - 11324[0m
[0mGET /users/profile/5eedf11a38647f2df40c92b2 [36m304[0m 20.918 ms - -[0m
[0mGET /users/profile/5eedf11a38647f2df40c92b2 [32m200[0m 23.291 ms - 11254[0m
[0mGET /users/profile/5eedf11a38647f2df40c92b2 [36m304[0m 15.872 ms - -[0m
[0mGET /users/profile/5eedf11a38647f2df40c92b2 [36m304[0m 20.636 ms - -[0m
[0mGET /users/profile/5eedf11a38647f2df40c92b2 [36m304[0m 26.853 ms - -[0m
[0mGET /users/profile/5eedf11a38647f2df40c92b2 [36m304[0m 19.899 ms - -[0m
[0mGET /users/profile/5eedf11a38647f2df40c92b2 [36m304[0m 23.022 ms - -[0m
[0mGET /users/profile/5eedf11a38647f2df40c92b2 [36m304[0m 61.393 ms - -[0m
[0mGET /users/profile/5eedf11a38647f2df40c92b2 [36m304[0m 41.094 ms - -[0m
[0mGET /users/profile/5eedf11a38647f2df40c92b2 [36m304[0m 27.900 ms - -[0m
[0mGET /users/profile/5eedf11a38647f2df40c92b2 [36m304[0m 30.736 ms - -[0m
[0mGET /users/profile/5eedf11a38647f2df40c92b2 [36m304[0m 24.196 ms - -[0m
[0mGET /users/profile/5eedf11a38647f2df40c92b2 [36m304[0m 46.716 ms - -[0m
[0mGET /users/profile/5eedf11a38647f2df40c92b2 [36m304[0m 32.158 ms - -[0m
[0mGET /users/profile/5eedf11a38647f2df40c92b2 [36m304[0m 32.956 ms - -[0m
[0mGET /users/profile/5eedf11a38647f2df40c92b2 [36m304[0m 27.927 ms - -[0m
[0mGET /users/profile/5eedf11a38647f2df40c92b2 [36m304[0m 18.397 ms - -[0m
[0mGET /users/profile/5eedf11a38647f2df40c92b2 [36m304[0m 34.563 ms - -[0m
[0mGET /users/profile/5eedf11a38647f2df40c92b2 [36m304[0m 27.581 ms - -[0m
[0mGET /users/profile/5eedf11a38647f2df40c92b2 [32m200[0m 66.706 ms - 11278[0m
[0mGET /users/profile/5eedf11a38647f2df40c92b2 [32m200[0m 33.552 ms - 11287[0m
[0mGET /users/profile/5eedf11a38647f2df40c92b2 [36m304[0m 35.375 ms - -[0m
[0mGET /users/profile/5eedf11a38647f2df40c92b2 [36m304[0m 22.274 ms - -[0m
[0mGET /users/profile/5eedf11a38647f2df40c92b2 [36m304[0m 20.605 ms - -[0m
[0mGET /users/profile/5eedf11a38647f2df40c92b2 [36m304[0m 19.802 ms - -[0m
[0mGET /users/profile/5eedf11a38647f2df40c92b2 [36m304[0m 29.276 ms - -[0m
[0mGET /users/profile/5eedf11a38647f2df40c92b2 [36m304[0m 20.677 ms - -[0m
[0mGET /users/profile/5eedf11a38647f2df40c92b2 [36m304[0m 37.005 ms - -[0m
[0mGET /users/profile/5eedf11a38647f2df40c92b2 [36m304[0m 23.408 ms - -[0m
[0mGET /users/profile/5eedf11a38647f2df40c92b2 [36m304[0m 23.918 ms - -[0m
[0mGET /users/profile/5eedf11a38647f2df40c92b2 [36m304[0m 37.287 ms - -[0m
[0mGET /users/profile/5eedf11a38647f2df40c92b2 [36m304[0m 21.978 ms - -[0m
[0mGET /users/profile/5eedf11a38647f2df40c92b2 [36m304[0m 22.079 ms - -[0m
[0mGET /users/profile/5eedf11a38647f2df40c92b2 [36m304[0m 23.148 ms - -[0m
[0mGET /users/profile/5eedf11a38647f2df40c92b2 [36m304[0m 23.842 ms - -[0m
[0mGET /users/profile/5eedf11a38647f2df40c92b2 [36m304[0m 27.456 ms - -[0m
[0mGET /users/profile/5eedf11a38647f2df40c92b2 [36m304[0m 33.447 ms - -[0m
[0mPOST /users/profile/update/5eedf11a38647f2df40c92b2 [36m302[0m 107.479 ms - 164[0m
[0mGET /users/profile/5eedf11a38647f2df40c92b2 [32m200[0m 25.917 ms - 11277[0m
[0mGET /users/profile/5eedf11a38647f2df40c92b2 [36m304[0m 16.976 ms - -[0m
[0mPOST /users/profile/update/5eedf11a38647f2df40c92b2 [36m302[0m 20.821 ms - 164[0m
[0mGET /users/profile/5eedf11a38647f2df40c92b2 [32m200[0m 22.025 ms - 11273[0m
[0mGET /users/profile/5eedf11a38647f2df40c92b2 [36m304[0m 19.550 ms - -[0m
[0mPOST /users/profile/update/5eedf11a38647f2df40c92b2 [36m302[0m 42.061 ms - 164[0m
[0mGET /users/profile/5eedf11a38647f2df40c92b2 [32m200[0m 26.128 ms - 11273[0m
[0mGET /users/profile/5eedf11a38647f2df40c92b2 [36m304[0m 21.601 ms - -[0m
[0mGET /users/profile/5eedf11a38647f2df40c92b2 [36m304[0m 30.518 ms - -[0m
[0mPOST /users/profile/update/5eedf11a38647f2df40c92b2 [36m302[0m 29.725 ms - 164[0m
[0mGET /users/profile/5eedf11a38647f2df40c92b2 [32m200[0m 21.322 ms - 11287[0m
[0mGET /users/signOut [36m302[0m 10.773 ms - 46[0m
[0mGET / [32m200[0m 72.217 ms - 15244[0m
[0mGET /users/signIn [36m304[0m 16.626 ms - -[0m
[0mPOST /users/create_session [36m302[0m 7.909 ms - 46[0m
[0mGET / [32m200[0m 55.356 ms - 24578[0m
[0mGET / [32m200[0m 66.587 ms - 24362[0m
[0mGET /users/profile/5eedf0d138647f2df40c92ac [32m200[0m 35.191 ms - 11367[0m
[0mGET /users/profile/5eedf0d138647f2df40c92ac [36m304[0m 17.215 ms - -[0m
[0mGET /users/profile/5eedf0d138647f2df40c92ac [36m304[0m 26.268 ms - -[0m
[0mGET / [36m304[0m 45.150 ms - -[0m
[0mGET /users/profile/5eedf0d138647f2df40c92ac [36m304[0m 33.644 ms - -[0m
[0mGET / [36m304[0m 52.631 ms - -[0m
[0mPOST /likes/toggle/?type=Post&id=5ef2e5bed2270b3334c5661a [32m200[0m 15.274 ms - 56[0m
[0mPOST /likes/toggle/?type=Post&id=5ef2e5bed2270b3334c5661a [32m200[0m 13.420 ms - 57[0m
[0mPOST /likes/toggle/?type=Post&id=5ef23138bb9ed617ecb39586 [32m200[0m 12.151 ms - 56[0m
[0mPOST /likes/toggle/?type=Post&id=5eedf13438647f2df40c92b5 [32m200[0m 15.492 ms - 57[0m
[0mPOST /likes/toggle/?type=Post&id=5eedf0db38647f2df40c92af [32m200[0m 18.245 ms - 56[0m
[0mPOST /likes/toggle/?type=Comment&id=5ef19b1a7888da3e34fa75e4 [32m200[0m 14.992 ms - 57[0m
[0mGET / [32m200[0m 69.846 ms - 24282[0m
[0mGET / [36m304[0m 41.301 ms - -[0m
[0mGET / [36m304[0m 54.748 ms - -[0m
[0mGET / [36m304[0m 66.671 ms - -[0m
[0mGET / [36m304[0m 73.756 ms - -[0m
[0mGET / [36m304[0m 60.331 ms - -[0m
[0mPOST /likes/toggle/?type=Post&id=5ef9c8bdbbaa452a6c57a1bf [32m200[0m 13.207 ms - 57[0m
[0mPOST /likes/toggle/?type=Post&id=5ef9c8bdbbaa452a6c57a1bf [32m200[0m 9.191 ms - 56[0m
[0mPOST /likes/toggle/?type=Post&id=5ef9c8bdbbaa452a6c57a1bf [32m200[0m 9.903 ms - 57[0m
[0mGET / [32m200[0m 42.035 ms - 24455[0m
[0mGET / [36m304[0m 45.634 ms - -[0m
[0mPOST /likes/toggle/?type=Post&id=5ef9c8bdbbaa452a6c57a1bf [32m200[0m 13.391 ms - 56[0m
[0mGET / [32m200[0m 42.107 ms - 24282[0m
[0mGET / [36m304[0m 63.272 ms - -[0m
[0mGET / [36m304[0m 64.629 ms - -[0m
[0mPOST /likes/toggle/?type=Post&id=5ef9c8bdbbaa452a6c57a1bf [32m200[0m 10.947 ms - 57[0m
[0mPOST /likes/toggle/?type=Post&id=5ef9c8bdbbaa452a6c57a1bf [32m200[0m 9.204 ms - 56[0m
[0mPOST /likes/toggle/?type=Post&id=5ef9c8bdbbaa452a6c57a1bf [32m200[0m 8.775 ms - 57[0m
[0mPOST /likes/toggle/?type=Post&id=5ef9c8bdbbaa452a6c57a1bf [32m200[0m 9.453 ms - 56[0m
[0mGET / [36m304[0m 56.012 ms - -[0m
[0mGET / [36m304[0m 68.460 ms - -[0m
[0mGET / [36m304[0m 52.551 ms - -[0m
[0mGET / [36m304[0m 66.328 ms - -[0m
[0mGET / [36m304[0m 39.572 ms - -[0m
[0mGET / [36m304[0m 41.490 ms - -[0m
[0mGET / [36m304[0m 54.542 ms - -[0m
[0mGET / [36m304[0m 38.522 ms - -[0m
[0mGET / [36m304[0m 39.584 ms - -[0m
[0mGET / [36m304[0m 45.981 ms - -[0m
[0mGET / [36m304[0m 49.578 ms - -[0m
[0mGET / [36m304[0m 34.239 ms - -[0m
[0mGET / [36m304[0m 54.861 ms - -[0m
[0mGET / [36m304[0m 66.554 ms - -[0m
[0mGET / [36m304[0m 34.891 ms - -[0m
[0mGET / [36m304[0m 40.700 ms - -[0m
[0mGET / [36m304[0m 39.213 ms - -[0m
[0mGET / [36m304[0m 137.654 ms - -[0m
[0mGET /users/signOut [36m302[0m 9.083 ms - 46[0m
[0mGET / [32m200[0m 44.338 ms - 15244[0m
[0mGET /users/signIn [36m304[0m 23.653 ms - -[0m
[0mPOST /users/create_session [36m302[0m 3.915 ms - 46[0m
[0mGET / [32m200[0m 39.723 ms - 24502[0m
[0mGET /users/profile/5eedf11a38647f2df40c92b2 [36m304[0m 21.054 ms - -[0m
[0mGET /users/profile/5eedf11a38647f2df40c92b2 [36m304[0m 30.263 ms - -[0m
[0mGET / [32m200[0m 46.571 ms - 24286[0m
[0mGET /users/profile/5eedf11a38647f2df40c92b2 [36m304[0m 28.511 ms - -[0m
[0mGET /users/profile/5eedf11a38647f2df40c92b2 [36m304[0m 29.653 ms - -[0m
[0mGET /users/profile/5eedf11a38647f2df40c92b2 [36m302[0m 12.279 ms - 70[0m
[0mGET /users/signIn [36m304[0m 31.514 ms - -[0m
[0mPOST /users/create_session [36m302[0m 19.096 ms - 46[0m
[0mGET / [32m200[0m 72.382 ms - 24502[0m
[0mGET /users/profile/5eedf11a38647f2df40c92b2 [32m200[0m 36.558 ms - 11287[0m
[0mGET /users/profile/5eedf11a38647f2df40c92b2 [36m304[0m 30.958 ms - -[0m
[0mGET /users/profile/5eedf11a38647f2df40c92b2 [36m304[0m 19.033 ms - -[0m
[0mGET /users/profile/5eedf11a38647f2df40c92b2 [36m304[0m 29.790 ms - -[0m
[0mGET /users/signOut [36m302[0m 11.104 ms - 46[0m
[0mGET / [32m200[0m 63.083 ms - 15244[0m
[0mGET /users/signIn [36m304[0m 14.498 ms - -[0m
[0mPOST /users/create_session [36m302[0m 10.990 ms - 46[0m
[0mGET / [32m200[0m 47.734 ms - 24498[0m
[0mGET /users/profile/5eedf0d138647f2df40c92ac [36m304[0m 26.126 ms - -[0m
[0mGET /users/profile/5eedf0d138647f2df40c92ac [36m304[0m 26.017 ms - -[0m
[0mGET /users/profile/5eedf0d138647f2df40c92ac [36m304[0m 98.091 ms - -[0m
[0mGET / [32m200[0m 82.146 ms - 24282[0m
[0mGET / [36m304[0m 100.032 ms - -[0m
[0mGET / [32m200[0m 86.273 ms - 15033[0m
[0mGET /users/signIn [32m200[0m 15.022 ms - 10129[0m
[0mPOST /users/create_session [36m302[0m 19.046 ms - 46[0m
[0mGET / [32m200[0m 615.808 ms - 24498[0m
[0mGET /users/signOut [36m302[0m 11.947 ms - 46[0m
[0mGET / [32m200[0m 948.795 ms - 15244[0m
[0mGET /users/signIn [36m304[0m 12.955 ms - -[0m
[0mPOST /users/create_session [36m302[0m 10.200 ms - 46[0m
[0mGET / [32m200[0m 51.033 ms - 24502[0m
[0mGET /users/profile/5eedf11a38647f2df40c92b2 [36m304[0m 28.095 ms - -[0m
[0mGET / [32m200[0m 56.516 ms - 24286[0m
[0mGET / [32m200[0m 78.836 ms - 24292[0m
[0mGET / [32m200[0m 69.595 ms - 24344[0m
[0mGET / [32m200[0m 47.625 ms - 24363[0m
[0mGET / [36m304[0m 119.645 ms - -[0m
[0mGET /users/profile/5eedf11a38647f2df40c92b2 [36m304[0m 84.611 ms - -[0m
[0mGET /users/profile/5eedf11a38647f2df40c92b2 [36m304[0m 30.487 ms - -[0m
[0mGET / [36m304[0m 89.036 ms - -[0m
[0mGET /users/profile/5eedf11a38647f2df40c92b2 [36m304[0m 80.843 ms - -[0m
[0mGET / [36m304[0m 75.170 ms - -[0m
[0mGET /users/profile/5eedf11a38647f2df40c92b2 [36m304[0m 30.239 ms - -[0m
[0mGET / [32m200[0m 230.819 ms - 17007[0m
[0mGET / [36m304[0m 72.892 ms - -[0m
[0mGET / [36m304[0m 49.095 ms - -[0m
[0mGET / [36m304[0m 112.260 ms - -[0m
[0mGET / [36m304[0m 54.824 ms - -[0m
[0mGET / [36m304[0m 28.843 ms - -[0m
[0mGET / [36m304[0m 34.609 ms - -[0m
[0mGET / [36m304[0m 41.891 ms - -[0m
[0mGET /users/signIn [32m200[0m 8.454 ms - 10129[0m
[0mPOST /users/create_session [36m302[0m 33.119 ms - 46[0m
[0mGET / [32m200[0m 98.780 ms - 26625[0m
[0mGET /socket.io/?EIO=3&transport=polling&t=NCA9KeV [33m404[0m 7.101 ms - 149[0m
[0mGET /socket.io/?EIO=3&transport=polling&t=NCA9KwX [33m404[0m 6.509 ms - 149[0m
[0mGET /socket.io/?EIO=3&transport=polling&t=NCA9LP1 [33m404[0m 10.883 ms - 149[0m
[0mGET /socket.io/?EIO=3&transport=polling&t=NCA9Mde [33m404[0m 4.860 ms - 149[0m
[0mGET /users/signIn [36m302[0m 4.476 ms - 72[0m
[0mGET /users/profile [33m404[0m 4.369 ms - 152[0m
[0mGET /socket.io/?EIO=3&transport=polling&t=NCA9Ns4 [33m404[0m 5.011 ms - 149[0m
[0mGET / [32m200[0m 60.488 ms - 17007[0m
[0mGET /socket.io/?EIO=3&transport=polling&t=NCA9P4V [33m404[0m 8.096 ms - 149[0m
[0mGET /users/signIn [32m200[0m 6.224 ms - 10129[0m
[0mGET /socket.io/?EIO=3&transport=polling&t=NCA9QJ6 [33m404[0m 4.287 ms - 149[0m
[0mGET /socket.io/?EIO=3&transport=polling&t=NCA9RXX [33m404[0m 3.836 ms - 149[0m
[0mGET /socket.io/?EIO=3&transport=polling&t=NCA9Slw [33m404[0m 4.070 ms - 149[0m
[0mGET /socket.io/?EIO=3&transport=polling&t=NCA9T-M [33m404[0m 3.660 ms - 149[0m
[0mPOST /users/create_session [36m302[0m 7.941 ms - 46[0m
[0mGET / [32m200[0m 49.683 ms - 26621[0m
[0mGET /socket.io/?EIO=3&transport=polling&t=NCA9UoH [33m404[0m 9.520 ms - 149[0m
[0mGET /socket.io/?EIO=3&transport=polling&t=NCA9UzY [33m404[0m 8.087 ms - 149[0m
[0mGET /socket.io/?EIO=3&transport=polling&t=NCA9VCr [33m404[0m 4.174 ms - 149[0m
[0mGET /socket.io/?EIO=3&transport=polling&t=NCA9VSL [33m404[0m 7.930 ms - 149[0m
[0mGET /socket.io/?EIO=3&transport=polling&t=NCA9WRH [33m404[0m 3.586 ms - 149[0m
[0mGET /socket.io/?EIO=3&transport=polling&t=NCA9WcB [33m404[0m 3.940 ms - 149[0m
[0mGET /socket.io/?EIO=3&transport=polling&t=NCA9Xfl [33m404[0m 4.260 ms - 149[0m
[0mGET /socket.io/?EIO=3&transport=polling&t=NCA9Xja [33m404[0m 7.774 ms - 149[0m
[0mGET /socket.io/?EIO=3&transport=polling&t=NCA9YuD [33m404[0m 3.399 ms - 149[0m
[0mGET /socket.io/?EIO=3&transport=polling&t=NCA9Yy7 [33m404[0m 10.229 ms - 149[0m
[0mGET /socket.io/?EIO=3&transport=polling&t=NCA9a6n [33m404[0m 4.347 ms - 149[0m
[0mGET /socket.io/?EIO=3&transport=polling&t=NCA9aAj [33m404[0m 4.789 ms - 149[0m
[0mGET /socket.io/?EIO=3&transport=polling&t=NCA9bLB [33m404[0m 3.895 ms - 149[0m
[0mGET /socket.io/?EIO=3&transport=polling&t=NCA9bPh [33m404[0m 6.638 ms - 149[0m
[0mGET /socket.io/?EIO=3&transport=polling&t=NCA9cZe [33m404[0m 3.734 ms - 149[0m
[0mGET /socket.io/?EIO=3&transport=polling&t=NCA9ceA [33m404[0m 4.861 ms - 149[0m
[0mGET /socket.io/?EIO=3&transport=polling&t=NCA9do5 [33m404[0m 3.393 ms - 149[0m
[0mGET /socket.io/?EIO=3&transport=polling&t=NCA9dsh [33m404[0m 7.485 ms - 149[0m
[0mGET /socket.io/?EIO=3&transport=polling&t=NCA9f0S [33m404[0m 4.496 ms - 149[0m
[0mGET /socket.io/?EIO=3&transport=polling&t=NCA9f5B [33m404[0m 4.175 ms - 149[0m
[0mGET /socket.io/?EIO=3&transport=polling&t=NCA9gEt [33m404[0m 3.894 ms - 149[0m
[0mGET /socket.io/?EIO=3&transport=polling&t=NCA9gJY [33m404[0m 4.076 ms - 149[0m
[0mGET /socket.io/?EIO=3&transport=polling&t=NCA9hTF [33m404[0m 3.226 ms - 149[0m
[0mGET /socket.io/?EIO=3&transport=polling&t=NCA9hY2 [33m404[0m 5.519 ms - 149[0m
[0mGET /socket.io/?EIO=3&transport=polling&t=NCA9ihi [33m404[0m 3.596 ms - 149[0m
[0mGET /socket.io/?EIO=3&transport=polling&t=NCA9imV [33m404[0m 5.601 ms - 149[0m
[0mGET /socket.io/?EIO=3&transport=polling&t=NCA9jw7 [33m404[0m 4.699 ms - 149[0m
[0mGET /socket.io/?EIO=3&transport=polling&t=NCA9j_F [33m404[0m 3.506 ms - 149[0m
[0mGET /socket.io/?EIO=3&transport=polling&t=NCA9l8Y [33m404[0m 7.558 ms - 149[0m
[0mGET /socket.io/?EIO=3&transport=polling&t=NCA9lDi [33m404[0m 3.363 ms - 149[0m
[0mGET /socket.io/?EIO=3&transport=polling&t=NCA9mN7 [33m404[0m 4.044 ms - 149[0m
[0mGET /socket.io/?EIO=3&transport=polling&t=NCA9mS7 [33m404[0m 4.774 ms - 149[0m
[0mGET /socket.io/?EIO=3&transport=polling&t=NCA9nba [33m404[0m 6.414 ms - 149[0m
[0mGET /socket.io/?EIO=3&transport=polling&t=NCA9ngl [33m404[0m 3.438 ms - 149[0m
[0mGET /socket.io/?EIO=3&transport=polling&t=NCA9op- [33m404[0m 4.879 ms - 149[0m
[0mGET /socket.io/?EIO=3&transport=polling&t=NCA9ov6 [33m404[0m 4.125 ms - 149[0m
[0mGET /socket.io/?EIO=3&transport=polling&t=NCA9q2Q [33m404[0m 3.580 ms - 149[0m
[0mGET /socket.io/?EIO=3&transport=polling&t=NCA9q7Z [33m404[0m 4.567 ms - 149[0m
[0mGET /socket.io/?EIO=3&transport=polling&t=NCA9rGl [33m404[0m 3.734 ms - 149[0m
[0mGET /socket.io/?EIO=3&transport=polling&t=NCA9rLx [33m404[0m 3.872 ms - 149[0m
[0mGET /socket.io/?EIO=3&transport=polling&t=NCA9sV9 [33m404[0m 13.490 ms - 149[0m
[0mGET /socket.io/?EIO=3&transport=polling&t=NCA9saU [33m404[0m 10.585 ms - 149[0m
[0mGET /socket.io/?EIO=3&transport=polling&t=NCA9tkA [33m404[0m 3.782 ms - 149[0m
[0mGET /socket.io/?EIO=3&transport=polling&t=NCA9tpD [33m404[0m 4.519 ms - 149[0m
[0mGET /socket.io/?EIO=3&transport=polling&t=NCA9uyV [33m404[0m 4.277 ms - 149[0m
[0mGET /socket.io/?EIO=3&transport=polling&t=NCA9v1g [33m404[0m 4.838 ms - 149[0m
[0mGET /socket.io/?EIO=3&transport=polling&t=NCA9wAy [33m404[0m 3.420 ms - 149[0m
[0mGET /socket.io/?EIO=3&transport=polling&t=NCA9wG7 [33m404[0m 3.958 ms - 149[0m
[0mGET /socket.io/?EIO=3&transport=polling&t=NCA9xPL [33m404[0m 3.790 ms - 149[0m
[0mGET /socket.io/?EIO=3&transport=polling&t=NCA9xUX [33m404[0m 4.026 ms - 149[0m
[0mGET /socket.io/?EIO=3&transport=polling&t=NCA9ydj [33m404[0m 3.457 ms - 149[0m
[0mGET /socket.io/?EIO=3&transport=polling&t=NCA9yi- [33m404[0m 4.292 ms - 149[0m
[0mGET / [32m200[0m 100.912 ms - 26441[0m
[0mGET /socket.io/?EIO=3&transport=polling&t=NCA9zoE [33m404[0m 9.870 ms - 149[0m
[0mGET /socket.io/?EIO=3&transport=polling&t=NCA9zxX [33m404[0m 3.987 ms - 149[0m
[0mGET /socket.io/?EIO=3&transport=polling&t=NCA9-AZ [33m404[0m 6.395 ms - 149[0m
[0mGET / [32m200[0m 78.812 ms - 26437[0m
[0mGET /socket.io/?EIO=3&transport=polling&t=NCA9-mQ [33m404[0m 6.169 ms - 149[0m
[0mGET /socket.io/?EIO=3&transport=polling&t=NCA9-nX [33m404[0m 10.014 ms - 149[0m
[0mGET /socket.io/?EIO=3&transport=polling&t=NCA9_Db [33m404[0m 6.630 ms - 149[0m
[0mGET /socket.io/?EIO=3&transport=polling&t=NCA9_WL [33m404[0m 6.219 ms - 149[0m
[0mGET /socket.io/?EIO=3&transport=polling&t=NCA9__2 [33m404[0m 6.335 ms - 149[0m
[0mGET /socket.io/?EIO=3&transport=polling&t=NCAA0az [33m404[0m 5.609 ms - 149[0m
[0mGET /socket.io/?EIO=3&transport=polling&t=NCAA1FI [33m404[0m 3.642 ms - 149[0m
[0mGET /socket.io/?EIO=3&transport=polling&t=NCAA1pX [33m404[0m 6.703 ms - 149[0m
[0mGET /socket.io/?EIO=3&transport=polling&t=NCAA2Tl [33m404[0m 5.543 ms - 149[0m
[0mGET /socket.io/?EIO=3&transport=polling&t=NCAA31_ [33m404[0m 3.387 ms - 149[0m
[0mGET /socket.io/?EIO=3&transport=polling&t=NCAA3iC [33m404[0m 5.385 ms - 149[0m
[0mGET /socket.io/?EIO=3&transport=polling&t=NCAA4GX [33m404[0m 4.452 ms - 149[0m
[0mGET /socket.io/?EIO=3&transport=polling&t=NCAA4wj [33m404[0m 5.588 ms - 149[0m
[0mGET /socket.io/?EIO=3&transport=polling&t=NCAA5U_ [33m404[0m 4.446 ms - 149[0m
[0mGET /socket.io/?EIO=3&transport=polling&t=NCAA69D [33m404[0m 5.204 ms - 149[0m
[0mGET /socket.io/?EIO=3&transport=polling&t=NCAA6jT [33m404[0m 6.170 ms - 149[0m
[0mGET /socket.io/?EIO=3&transport=polling&t=NCAA7Nd [33m404[0m 5.572 ms - 149[0m
[0mGET /socket.io/?EIO=3&transport=polling&t=NCAA7y3 [33m404[0m 5.250 ms - 149[0m
[0mGET /socket.io/?EIO=3&transport=polling&t=NCAA8c5 [33m404[0m 5.836 ms - 149[0m
[0mGET /socket.io/?EIO=3&transport=polling&t=NCAA9AT [33m404[0m 4.347 ms - 149[0m
[0mGET /socket.io/?EIO=3&transport=polling&t=NCAA9qW [33m404[0m 3.976 ms - 149[0m
[0mGET /socket.io/?EIO=3&transport=polling&t=NCAAAOv [33m404[0m 3.384 ms - 149[0m
[0mGET /socket.io/?EIO=3&transport=polling&t=NCAAB37 [33m404[0m 3.899 ms - 149[0m
[0mGET /socket.io/?EIO=3&transport=polling&t=NCAABdS [33m404[0m 11.208 ms - 149[0m
[0mGET /socket.io/?EIO=3&transport=polling&t=NCAACHg [33m404[0m 3.514 ms - 149[0m
[0mGET /socket.io/?EIO=3&transport=polling&t=NCAACs7 [33m404[0m 5.187 ms - 149[0m
[0mGET /socket.io/?EIO=3&transport=polling&t=NCAADW3 [33m404[0m 11.759 ms - 149[0m
[0mGET /socket.io/?EIO=3&transport=polling&t=NCAAE4b [33m404[0m 7.514 ms - 149[0m
[0mGET /socket.io/?EIO=3&transport=polling&t=NCAAEkh [33m404[0m 3.527 ms - 149[0m
[0mGET /socket.io/?EIO=3&transport=polling&t=NCAAFJG [33m404[0m 4.081 ms - 149[0m
[0mGET /socket.io/?EIO=3&transport=polling&t=NCAAFzA [33m404[0m 3.105 ms - 149[0m
[0mGET /socket.io/?EIO=3&transport=polling&t=NCAAGXj [33m404[0m 3.943 ms - 149[0m
[0mGET /socket.io/?EIO=3&transport=polling&t=NCAAHBW [33m404[0m 8.318 ms - 149[0m
[0mGET /socket.io/?EIO=3&transport=polling&t=NCAAHm8 [33m404[0m 3.892 ms - 149[0m
[0mGET /socket.io/?EIO=3&transport=polling&t=NCAAIQ3 [33m404[0m 6.694 ms - 149[0m
[0mGET /socket.io/?EIO=3&transport=polling&t=NCAAI-X [33m404[0m 3.982 ms - 149[0m
[0mGET /socket.io/?EIO=3&transport=polling&t=NCAAJeR [33m404[0m 3.170 ms - 149[0m
[0mGET /socket.io/?EIO=3&transport=polling&t=NCAAKCy [33m404[0m 3.379 ms - 149[0m
[0mGET /socket.io/?EIO=3&transport=polling&t=NCAAKsn [33m404[0m 7.633 ms - 149[0m
[0mGET /socket.io/?EIO=3&transport=polling&t=NCAALRK [33m404[0m 3.265 ms - 149[0m
[0mGET /socket.io/?EIO=3&transport=polling&t=NCAAM5B [33m404[0m 5.429 ms - 149[0m
[0mGET /socket.io/?EIO=3&transport=polling&t=NCAAMfw [33m404[0m 11.705 ms - 149[0m
[0mGET /socket.io/?EIO=3&transport=polling&t=NCAANK1 [33m404[0m 4.025 ms - 149[0m
[0mGET /socket.io/?EIO=3&transport=polling&t=NCAANuW [33m404[0m 3.620 ms - 149[0m
[0mGET /socket.io/?EIO=3&transport=polling&t=NCAAOYy [33m404[0m 4.210 ms - 149[0m
[0mGET /socket.io/?EIO=3&transport=polling&t=NCAAP6w [33m404[0m 4.402 ms - 149[0m
[0mGET /socket.io/?EIO=3&transport=polling&t=NCAAPnR [33m404[0m 3.474 ms - 149[0m
[0mGET /socket.io/?EIO=3&transport=polling&t=NCAAQLP [33m404[0m 4.982 ms - 149[0m
[0mGET /socket.io/?EIO=3&transport=polling&t=NCAAQ_q [33m404[0m 9.608 ms - 149[0m
[0mGET /socket.io/?EIO=3&transport=polling&t=NCAARZq [33m404[0m 9.924 ms - 149[0m
[0mGET /socket.io/?EIO=3&transport=polling&t=NCAASEK [33m404[0m 5.506 ms - 149[0m
[0mGET /socket.io/?EIO=3&transport=polling&t=NCAASoK [33m404[0m 5.290 ms - 149[0m
[0mGET /socket.io/?EIO=3&transport=polling&t=NCAATSn [33m404[0m 3.439 ms - 149[0m
[0mGET /socket.io/?EIO=3&transport=polling&t=NCAAU0o [33m404[0m 7.594 ms - 149[0m
[0mGET /socket.io/?EIO=3&transport=polling&t=NCAAUhA [33m404[0m 4.429 ms - 149[0m
[0mGET /socket.io/?EIO=3&transport=polling&t=NCAAVFH [33m404[0m 3.782 ms - 149[0m
[0mGET /socket.io/?EIO=3&transport=polling&t=NCAAVvX [33m404[0m 3.869 ms - 149[0m
[0mGET /socket.io/?EIO=3&transport=polling&t=NCAAWTl [33m404[0m 10.694 ms - 149[0m
[0mGET /socket.io/?EIO=3&transport=polling&t=NCAAX7_ [33m404[0m 5.154 ms - 149[0m
[0mGET /socket.io/?EIO=3&transport=polling&t=NCAAXiK [33m404[0m 3.442 ms - 149[0m
[0mGET /socket.io/?EIO=3&transport=polling&t=NCAAYMM [33m404[0m 3.142 ms - 149[0m
[0mGET /socket.io/?EIO=3&transport=polling&t=NCAAYwi [33m404[0m 3.388 ms - 149[0m
[0mGET /socket.io/?EIO=3&transport=polling&t=NCAAZap [33m404[0m 3.674 ms - 149[0m
[0mGET /socket.io/?EIO=3&transport=polling&t=NCAAa93 [33m404[0m 6.646 ms - 149[0m
[0mGET /socket.io/?EIO=3&transport=polling&t=NCAAapD [33m404[0m 3.665 ms - 149[0m
[0mGET /socket.io/?EIO=3&transport=polling&t=NCAAbNR [33m404[0m 3.281 ms - 149[0m
[0mGET /socket.io/?EIO=3&transport=polling&t=NCAAc1Y [33m404[0m 3.176 ms - 149[0m
[0mGET /socket.io/?EIO=3&transport=polling&t=NCAAcbo [33m404[0m 3.678 ms - 149[0m
[0mGET /socket.io/?EIO=3&transport=polling&t=NCAAdFx [33m404[0m 3.192 ms - 149[0m
[0mGET /socket.io/?EIO=3&transport=polling&t=NCAAdqC [33m404[0m 3.766 ms - 149[0m
[0mGET /socket.io/?EIO=3&transport=polling&t=NCAAeUO [33m404[0m 3.259 ms - 149[0m
[0mGET /socket.io/?EIO=3&transport=polling&t=NCAAf2a [33m404[0m 4.200 ms - 149[0m
[0mGET /socket.io/?EIO=3&transport=polling&t=NCAAfik [33m404[0m 4.291 ms - 149[0m
[0mGET /socket.io/?EIO=3&transport=polling&t=NCAAgH1 [33m404[0m 3.487 ms - 149[0m
[0mGET /socket.io/?EIO=3&transport=polling&t=NCAAgx7 [33m404[0m 5.589 ms - 149[0m
[0mGET /socket.io/?EIO=3&transport=polling&t=NCAAhVN [33m404[0m 4.598 ms - 149[0m
[0mGET /socket.io/?EIO=3&transport=polling&t=NCAAi9X [33m404[0m 3.775 ms - 149[0m
[0mGET /socket.io/?EIO=3&transport=polling&t=NCAAijp [33m404[0m 5.093 ms - 149[0m
[0mGET /socket.io/?EIO=3&transport=polling&t=NCAAjNv [33m404[0m 3.913 ms - 149[0m
[0mGET /socket.io/?EIO=3&transport=polling&t=NCAAjyB [33m404[0m 3.413 ms - 149[0m
[0mGET /socket.io/?EIO=3&transport=polling&t=NCAAkcF [33m404[0m 4.230 ms - 149[0m
[0mGET /socket.io/?EIO=3&transport=polling&t=NCAAlAW [33m404[0m 4.549 ms - 149[0m
[0mGET /socket.io/?EIO=3&transport=polling&t=NCAAlqh [33m404[0m 3.684 ms - 149[0m
[0mGET /socket.io/?EIO=3&transport=polling&t=NCAAmOx [33m404[0m 7.042 ms - 149[0m
[0mGET /socket.io/?EIO=3&transport=polling&t=NCAAn36 [33m404[0m 6.011 ms - 149[0m
[0mGET /socket.io/?EIO=3&transport=polling&t=NCAAndX [33m404[0m 3.513 ms - 149[0m
[0mGET /socket.io/?EIO=3&transport=polling&t=NCAAoHZ [33m404[0m 4.410 ms - 149[0m
[0mGET /socket.io/?EIO=3&transport=polling&t=NCAAorx [33m404[0m 5.095 ms - 149[0m
[0mGET /socket.io/?EIO=3&transport=polling&t=NCAApW1 [33m404[0m 4.818 ms - 149[0m
[0mGET /socket.io/?EIO=3&transport=polling&t=NCAAq4T [33m404[0m 6.657 ms - 149[0m
[0mGET /socket.io/?EIO=3&transport=polling&t=NCAAqkQ [33m404[0m 5.372 ms - 149[0m
[0mGET /socket.io/?EIO=3&transport=polling&t=NCAArIy [33m404[0m 5.289 ms - 149[0m
[0mGET /socket.io/?EIO=3&transport=polling&t=NCAAryt [33m404[0m 3.643 ms - 149[0m
[0mGET /socket.io/?EIO=3&transport=polling&t=NCAAsXT [33m404[0m 5.670 ms - 149[0m
[0mGET /socket.io/?EIO=3&transport=polling&t=NCAAtBL [33m404[0m 66.972 ms - 149[0m
[0mGET /socket.io/?EIO=3&transport=polling&t=NCAAtlt [33m404[0m 5.466 ms - 149[0m
[0mGET /socket.io/?EIO=3&transport=polling&t=NCAAulp [33m404[0m 9.124 ms - 149[0m
[0mGET /socket.io/?EIO=3&transport=polling&t=NCAAu-R [33m404[0m 5.977 ms - 149[0m
[0mGET /socket.io/?EIO=3&transport=polling&t=NCAAv-h [33m404[0m 7.370 ms - 149[0m
[0mGET /socket.io/?EIO=3&transport=polling&t=NCAAwCo [33m404[0m 6.895 ms - 149[0m
[0mGET /socket.io/?EIO=3&transport=polling&t=NCAAxD7 [33m404[0m 5.949 ms - 149[0m
[0mGET /socket.io/?EIO=3&transport=polling&t=NCAAxRB [33m404[0m 5.941 ms - 149[0m
[0mGET / [36m304[0m 149.604 ms - -[0m
[0mGET /socket.io/?EIO=3&transport=polling&t=NCAAy9F [33m404[0m 10.843 ms - 149[0m
[0mGET /socket.io/?EIO=3&transport=polling&t=NCAAyQ1 [33m404[0m 4.200 ms - 149[0m
[0mGET /socket.io/?EIO=3&transport=polling&t=NCAAyRk [33m404[0m 7.667 ms - 149[0m
[0mGET /socket.io/?EIO=3&transport=polling&t=NCAAz7k [33m404[0m 9.803 ms - 149[0m
[0mGET /socket.io/?EIO=3&transport=polling&t=NCAAzgL [33m404[0m 7.245 ms - 149[0m
[0mGET /socket.io/?EIO=3&transport=polling&t=NCAAztc [33m404[0m 3.850 ms - 149[0m
[0mGET /socket.io/?EIO=3&transport=polling&t=NCAA-um [33m404[0m 5.112 ms - 149[0m
[0mGET /socket.io/?EIO=3&transport=polling&t=NCAA_63 [33m404[0m 3.425 ms - 149[0m
[0mGET / [36m304[0m 67.177 ms - -[0m
[0mGET /socket.io/?EIO=3&transport=polling&t=NCAA_UO [33m404[0m 5.395 ms - 149[0m
[0mGET /socket.io/?EIO=3&transport=polling&t=NCAA_pN [33m404[0m 4.222 ms - 149[0m
[0mGET /socket.io/?EIO=3&transport=polling&t=NCAB07D [33m404[0m 6.960 ms - 149[0m
[0mGET /socket.io/?EIO=3&transport=polling&t=NCAB0Rh [33m404[0m 3.855 ms - 149[0m
[0mGET /socket.io/?EIO=3&transport=polling&t=NCAB1I_ [33m404[0m 3.637 ms - 149[0m
[0mGET /socket.io/?EIO=3&transport=polling&t=NCAB1ME [33m404[0m 4.208 ms - 149[0m
[0mGET /socket.io/?EIO=3&transport=polling&t=NCAB2XR [33m404[0m 5.360 ms - 149[0m
[0mGET /socket.io/?EIO=3&transport=polling&t=NCAB2aj [33m404[0m 3.470 ms - 149[0m
[0mGET /socket.io/?EIO=3&transport=polling&t=NCAB3lr [33m404[0m 5.009 ms - 149[0m
[0mGET /socket.io/?EIO=3&transport=polling&t=NCAB3p7 [33m404[0m 3.843 ms - 149[0m
[0mGET /socket.io/?EIO=3&transport=polling&t=NCAB4-I [33m404[0m 6.875 ms - 149[0m
[0mGET /socket.io/?EIO=3&transport=polling&t=NCAB51Z [33m404[0m 4.020 ms - 149[0m
[0mGET /socket.io/?EIO=3&transport=polling&t=NCAB6Cm [33m404[0m 5.318 ms - 149[0m
[0mGET /socket.io/?EIO=3&transport=polling&t=NCAB6G0 [33m404[0m 6.173 ms - 149[0m
[0mGET /socket.io/?EIO=3&transport=polling&t=NCAA_pN [33m404[0m 10.333 ms - 149[0m
[0mGET /socket.io/?EIO=3&transport=polling&t=NCAB7RG [33m404[0m 6.727 ms - 149[0m
[0mGET /socket.io/?EIO=3&transport=polling&t=NCAB7Ud [33m404[0m 7.384 ms - 149[0m
[0mGET /socket.io/?EIO=3&transport=polling&t=NCAB8fv [33m404[0m 3.460 ms - 149[0m
[0mGET /socket.io/?EIO=3&transport=polling&t=NCAB8jN [33m404[0m 3.870 ms - 149[0m
[0mGET /socket.io/?EIO=3&transport=polling&t=NCAB9uO [33m404[0m 5.740 ms - 149[0m
[0mGET /socket.io/?EIO=3&transport=polling&t=NCAB9y3 [33m404[0m 6.500 ms - 149[0m
[0mGET /socket.io/?EIO=3&transport=polling&t=NCABB77 [33m404[0m 5.973 ms - 149[0m
[0mGET /socket.io/?EIO=3&transport=polling&t=NCABBAW [33m404[0m 13.919 ms - 149[0m
[0mGET /socket.io/?EIO=3&transport=polling&t=NCABCLV [33m404[0m 5.018 ms - 149[0m
[0mGET /socket.io/?EIO=3&transport=polling&t=NCABCP0 [33m404[0m 6.393 ms - 149[0m
[0mGET /socket.io/?EIO=3&transport=polling&t=NCABDZ- [33m404[0m 5.184 ms - 149[0m
[0mGET /socket.io/?EIO=3&transport=polling&t=NCABDda [33m404[0m 6.308 ms - 149[0m
[0mGET /socket.io/?EIO=3&transport=polling&t=NCABEoT [33m404[0m 51.618 ms - 149[0m
[0mGET /socket.io/?EIO=3&transport=polling&t=NCABEsA [33m404[0m 18.792 ms - 149[0m
[0mGET /socket.io/?EIO=3&transport=polling&t=NCABG1w [33m404[0m 4.514 ms - 149[0m
[0mGET /socket.io/?EIO=3&transport=polling&t=NCABG54 [33m404[0m 6.794 ms - 149[0m
[0mGET /socket.io/?EIO=3&transport=polling&t=NCABHGN [33m404[0m 6.319 ms - 149[0m
[0mGET /socket.io/?EIO=3&transport=polling&t=NCABHJV [33m404[0m 6.599 ms - 149[0m
[0mGET /socket.io/?EIO=3&transport=polling&t=NCABIUq [33m404[0m 8.880 ms - 149[0m
[0mGET /socket.io/?EIO=3&transport=polling&t=NCABIY9 [33m404[0m 13.279 ms - 149[0m
[0mGET /socket.io/?EIO=3&transport=polling&t=NCABJjR [33m404[0m 4.214 ms - 149[0m
[0mGET /socket.io/?EIO=3&transport=polling&t=NCABJnA [33m404[0m 4.403 ms - 149[0m
[0mGET /socket.io/?EIO=3&transport=polling&t=NCABKxr [33m404[0m 7.148 ms - 149[0m
[0mGET /socket.io/?EIO=3&transport=polling&t=NCABK_c [33m404[0m 4.734 ms - 149[0m
[0mGET / [36m304[0m 274.172 ms - -[0m
[0mGET /socket.io/?EIO=3&transport=polling&t=NCABMAF [33m404[0m 10.695 ms - 149[0m
[0mGET / [36m304[0m 92.142 ms - -[0m
[0mGET /users/signOut [36m302[0m 20.840 ms - 46[0m
[0mGET / [32m200[0m 74.377 ms - 17290[0m
[0mGET /users/signOut [36m302[0m 13.526 ms - 46[0m
[0mGET / [32m200[0m 80.261 ms - 17290[0m
[0mGET / [32m200[0m 109.971 ms - 17079[0m
[0mGET / [32m200[0m 54.098 ms - 17079[0m
[0mGET / [36m304[0m 174.620 ms - -[0m
[0mGET / [36m304[0m 88.243 ms - -[0m
[0mGET / [36m304[0m 148.992 ms - -[0m
[0mGET / [36m304[0m 67.151 ms - -[0m
[0mGET / [36m304[0m 82.329 ms - -[0m
[0mGET / [36m304[0m 80.774 ms - -[0m
[0mGET / [36m304[0m 299.815 ms - -[0m
[0mGET /socket.io/?EIO=3&transport=polling&t=NCABviR [33m404[0m 8.744 ms - 149[0m
[0mGET /socket.io/?EIO=3&transport=polling&t=NCABvrP [33m404[0m 2.766 ms - 149[0m
[0mGET /socket.io/?EIO=3&transport=polling&t=NCABw2y [33m404[0m 2.289 ms - 149[0m
[0mGET /socket.io/?EIO=3&transport=polling&t=NCABwBu [33m404[0m 5.388 ms - 149[0m
[0mGET /socket.io/?EIO=3&transport=polling&t=NCABwWa [33m404[0m 2.166 ms - 149[0m
[0mGET /socket.io/?EIO=3&transport=polling&t=NCABwWy [33m404[0m 3.152 ms - 149[0m
[0mGET /socket.io/?EIO=3&transport=polling&t=NCABxb2 [33m404[0m 47.317 ms - 149[0m
[0mGET /socket.io/?EIO=3&transport=polling&t=NCABxap [33m404[0m 30.072 ms - 149[0m
[0mGET / [36m304[0m 84.838 ms - -[0m
[0mGET /socket.io/?EIO=3&transport=polling&t=NCAByt4 [33m404[0m 14.452 ms - 149[0m
[0mGET / [36m304[0m 117.555 ms - -[0m
[0mGET /socket.io/?EIO=3&transport=polling&t=NCAB-5o [33m404[0m 8.823 ms - 149[0m
[0mGET / [36m304[0m 96.920 ms - -[0m
[0mGET / [36m304[0m 100.638 ms - -[0m
[0mGET / [36m304[0m 132.378 ms - -[0m
[0mGET / [36m304[0m 150.152 ms - -[0m
[0mGET / [36m304[0m 84.876 ms - -[0m
[0mGET / [36m304[0m 93.649 ms - -[0m
[0mGET / [36m304[0m 62.302 ms - -[0m
[0mGET / [36m304[0m 198.820 ms - -[0m
[0mGET / [36m304[0m 134.600 ms - -[0m
[0mGET / [36m304[0m 189.571 ms - -[0m
[0mGET / [36m304[0m 105.272 ms - -[0m
[0mGET / [36m304[0m 63.372 ms - -[0m
[0mGET / [36m304[0m 67.418 ms - -[0m
[0mGET / [36m304[0m 82.203 ms - -[0m
[0mGET / [36m304[0m 58.146 ms - -[0m
[0mGET / [36m304[0m 131.147 ms - -[0m
[0mGET / [36m304[0m 86.265 ms - -[0m
[0mGET / [36m304[0m 76.755 ms - -[0m
[0mGET / [36m304[0m 131.783 ms - -[0m
[0mGET / [36m304[0m 62.946 ms - -[0m
[0mGET / [36m304[0m 68.950 ms - -[0m
[0mGET / [36m304[0m 108.106 ms - -[0m
[0mGET / [36m304[0m 71.151 ms - -[0m
[0mGET / [36m304[0m 56.661 ms - -[0m
[0mGET / [36m304[0m 47.278 ms - -[0m
[0mGET / [36m304[0m 44.966 ms - -[0m
[0mGET / [32m200[0m 55.427 ms - 17079[0m
[0mGET / [36m304[0m 113.899 ms - -[0m
[0mGET / [36m304[0m 186.581 ms - -[0m
[0mGET / [36m304[0m 110.583 ms - -[0m
[0mGET / [36m304[0m 97.757 ms - -[0m
[0mGET / [36m304[0m 136.749 ms - -[0m
[0mGET / [36m304[0m 77.155 ms - -[0m
[0mGET / [36m304[0m 63.829 ms - -[0m
[0mGET /users/signIn [32m200[0m 46.329 ms - 10129[0m
[0mPOST /users/create_session [36m302[0m 34.076 ms - 46[0m
[0mGET / [32m200[0m 97.110 ms - 26657[0m
[0mGET / [32m200[0m 76.938 ms - 26441[0m
[0mGET / [36m304[0m 66.747 ms - -[0m
[0mGET / [32m200[0m 68.092 ms - 17079[0m
[0mGET / [36m304[0m 85.910 ms - -[0m
[0mGET /users/signIn [32m200[0m 12.429 ms - 10129[0m
[0mPOST /users/create_session [36m302[0m 11.529 ms - 46[0m
[0mGET / [32m200[0m 53.046 ms - 26653[0m
[0mGET / [32m200[0m 93.814 ms - 26437[0m
[0mGET / [36m304[0m 67.751 ms - -[0m
[0mGET / [36m304[0m 67.518 ms - -[0m
[0mGET / [36m304[0m 97.529 ms - -[0m
[0mGET / [36m304[0m 71.708 ms - -[0m
[0mGET / [36m304[0m 51.016 ms - -[0m
[0mGET / [36m304[0m 55.883 ms - -[0m
[0mGET / [36m304[0m 79.858 ms - -[0m
[0mGET / [36m304[0m 78.687 ms - -[0m
[0mGET /users/signOut [36m302[0m 8.279 ms - 46[0m
[0mGET / [32m200[0m 64.184 ms - 17290[0m
[0mGET / [32m200[0m 39.642 ms - 17079[0m
[0mGET / [32m200[0m 59.294 ms - 17079[0m
[0mGET / [36m304[0m 155.926 ms - -[0m
[0mGET / [36m304[0m 74.759 ms - -[0m
[0mGET / [36m304[0m 49.090 ms - -[0m
[0mGET / [36m304[0m 59.482 ms - -[0m
[0mGET / [36m304[0m 73.670 ms - -[0m
[0mGET / [36m304[0m 65.558 ms - -[0m
[0mGET / [36m304[0m 90.897 ms - -[0m
[0mGET / [36m304[0m 57.942 ms - -[0m
[0mGET / [36m304[0m 152.165 ms - -[0m
[0mGET / [36m304[0m 91.833 ms - -[0m
[0mGET / [32m200[0m 143.101 ms - 17079[0m
[0mGET /users/signIn [36m304[0m 26.230 ms - -[0m
[0mPOST /users/create_session [36m302[0m 18.055 ms - 46[0m
[0mGET / [32m200[0m 74.019 ms - 26657[0m
[0mGET /users/profile/5eedf11a38647f2df40c92b2 [32m200[0m 33.375 ms - 11287[0m
[0mGET /users/profile/5eedf11a38647f2df40c92b2 [36m304[0m 20.712 ms - -[0m
[0mGET / [32m200[0m 53.162 ms - 26441[0m
[0mGET / [36m304[0m 119.883 ms - -[0m
[0mGET / [36m304[0m 193.244 ms - -[0m
[0mGET / [36m304[0m 124.434 ms - -[0m
[0mGET / [36m304[0m 131.101 ms - -[0m
[0mGET / [36m304[0m 143.206 ms - -[0m
[0mGET / [36m304[0m 130.412 ms - -[0m
[0mGET / [36m304[0m 142.428 ms - -[0m
[0mGET / [36m304[0m 172.281 ms - -[0m
[0mGET / [36m304[0m 132.435 ms - -[0m
[0mGET / [32m200[0m 154.259 ms - 26592[0m
[0mGET / [36m304[0m 142.509 ms - -[0m
[0mGET / [36m304[0m 339.672 ms - -[0m
[0mGET / [36m304[0m 412.572 ms - -[0m
[0mGET / [32m200[0m 90.610 ms - 26593[0m
[0mGET / [32m200[0m 75.054 ms - 26680[0m
[0mGET / [32m200[0m 107.222 ms - 26599[0m
[0mGET / [36m304[0m 68.975 ms - -[0m
[0mGET / [36m304[0m 77.663 ms - -[0m
[0mGET / [36m304[0m 115.525 ms - -[0m
[0mGET / [36m304[0m 213.702 ms - -[0m
[0mGET / [36m304[0m 65.559 ms - -[0m
[0mGET / [36m304[0m 65.579 ms - -[0m
[0mGET / [36m304[0m 191.410 ms - -[0m
[0mGET / [36m304[0m 112.046 ms - -[0m
[0mGET / [36m304[0m 109.452 ms - -[0m
[0mGET / [36m304[0m 150.853 ms - -[0m
[0mGET / [36m304[0m 60.009 ms - -[0m
[0mGET / [36m304[0m 99.533 ms - -[0m
[0mGET / [36m304[0m 70.117 ms - -[0m
[0mGET / [36m304[0m 78.231 ms - -[0m
[0mGET / [36m304[0m 85.532 ms - -[0m
[0mGET / [36m304[0m 52.015 ms - -[0m
[0mGET / [32m200[0m 93.408 ms - 24363[0m
[0mGET / [36m304[0m 65.593 ms - -[0m
[0mGET / [36m304[0m 70.135 ms - -[0m
[0mGET / [36m304[0m 46.065 ms - -[0m
[0mGET / [36m304[0m 68.564 ms - -[0m
[0mGET / [36m304[0m 98.758 ms - -[0m
[0mGET / [36m304[0m 109.146 ms - -[0m
[0mGET / [36m304[0m 49.659 ms - -[0m
[0mGET /users/profile/5eedf11a38647f2df40c92b2 [36m304[0m 32.619 ms - -[0m
[0mGET / [36m304[0m 43.012 ms - -[0m
[0mGET /users/profile/5eedf0b738647f2df40c92aa [32m200[0m 16.231 ms - 8033[0m
[0mGET / [32m200[0m 136.497 ms - 24372[0m
[0mGET / [36m304[0m 62.866 ms - -[0m
[0mGET / [36m304[0m 65.221 ms - -[0m
[0mGET / [36m304[0m 44.696 ms - -[0m
[0mGET /users/profile/5eedf11a38647f2df40c92b2 [32m200[0m 18.583 ms - 11296[0m
[0mGET /users/profile/5eedf11a38647f2df40c92b2 [32m200[0m 25.630 ms - 11287[0m
[0mGET /users/profile/5eedf11a38647f2df40c92b2 [36m304[0m 17.856 ms - -[0m
[0mGET / [32m200[0m 55.948 ms - 24363[0m
[0mGET /users/signOut [36m302[0m 20.085 ms - 46[0m
[0mGET / [32m200[0m 63.707 ms - 15244[0m
[0mGET /users/signIn [36m304[0m 13.798 ms - -[0m
[0mPOST /users/create_session [36m302[0m 13.838 ms - 46[0m
[0mGET / [32m200[0m 87.549 ms - 24579[0m
[0mGET / [32m200[0m 199.353 ms - 24363[0m
[0mGET /users/profile/5eedf11a38647f2df40c92b2 [36m304[0m 33.272 ms - -[0m
[0mGET /users/profile/5eedf11a38647f2df40c92b2 [36m304[0m 24.426 ms - -[0m
[0mGET /users/profile/5eedf11a38647f2df40c92b2 [36m304[0m 25.777 ms - -[0m
[0mGET / [36m304[0m 58.924 ms - -[0m
::1 - - [02/Jul/2020:05:59:51 +0000] "GET / HTTP/1.1" 200 10811 "-" "Mozilla/5.0 (Windows NT 10.0; Win64; x64) AppleWebKit/537.36 (KHTML, like Gecko) Chrome/83.0.4103.116 Safari/537.36"
::1 - - [02/Jul/2020:05:59:54 +0000] "GET /users/signIn HTTP/1.1" 200 10217 "http://localhost:8000/" "Mozilla/5.0 (Windows NT 10.0; Win64; x64) AppleWebKit/537.36 (KHTML, like Gecko) Chrome/83.0.4103.116 Safari/537.36"
::1 - - [02/Jul/2020:05:59:56 +0000] "POST /users/create_session HTTP/1.1" 302 70 "http://localhost:8000/users/signIn" "Mozilla/5.0 (Windows NT 10.0; Win64; x64) AppleWebKit/537.36 (KHTML, like Gecko) Chrome/83.0.4103.116 Safari/537.36"
::1 - - [02/Jul/2020:05:59:56 +0000] "GET /users/signIn HTTP/1.1" 200 10433 "http://localhost:8000/users/signIn" "Mozilla/5.0 (Windows NT 10.0; Win64; x64) AppleWebKit/537.36 (KHTML, like Gecko) Chrome/83.0.4103.116 Safari/537.36"
::1 - - [02/Jul/2020:06:00:03 +0000] "POST /users/create_session HTTP/1.1" 302 46 "http://localhost:8000/users/signIn" "Mozilla/5.0 (Windows NT 10.0; Win64; x64) AppleWebKit/537.36 (KHTML, like Gecko) Chrome/83.0.4103.116 Safari/537.36"
::1 - - [02/Jul/2020:06:00:03 +0000] "GET / HTTP/1.1" 200 14080 "http://localhost:8000/users/signIn" "Mozilla/5.0 (Windows NT 10.0; Win64; x64) AppleWebKit/537.36 (KHTML, like Gecko) Chrome/83.0.4103.116 Safari/537.36"
::1 - - [02/Jul/2020:06:00:06 +0000] "GET /users/profile/5ef48da9319ecd0b64eca390 HTTP/1.1" 200 11457 "http://localhost:8000/" "Mozilla/5.0 (Windows NT 10.0; Win64; x64) AppleWebKit/537.36 (KHTML, like Gecko) Chrome/83.0.4103.116 Safari/537.36"
::1 - - [02/Jul/2020:06:00:57 +0000] "GET /users/profile/5ef48da9319ecd0b64eca390 HTTP/1.1" 304 - "http://localhost:8000/" "Mozilla/5.0 (Windows NT 10.0; Win64; x64) AppleWebKit/537.36 (KHTML, like Gecko) Chrome/83.0.4103.116 Safari/537.36"
::1 - - [02/Jul/2020:06:01:04 +0000] "GET / HTTP/1.1" 200 13864 "http://localhost:8000/users/signIn" "Mozilla/5.0 (Windows NT 10.0; Win64; x64) AppleWebKit/537.36 (KHTML, like Gecko) Chrome/83.0.4103.116 Safari/537.36"
::ffff:127.0.0.1 - - [02/Jul/2020:06:02:28 +0000] "GET / HTTP/1.1" 200 13864 "http://localhost:8000/users/signIn" "Mozilla/5.0 (Windows NT 10.0; Win64; x64) AppleWebKit/537.36 (KHTML, like Gecko) Chrome/83.0.4103.116 Safari/537.36"
::1 - - [02/Jul/2020:06:02:29 +0000] "GET / HTTP/1.1" 304 - "http://localhost:8000/users/signIn" "Mozilla/5.0 (Windows NT 10.0; Win64; x64) AppleWebKit/537.36 (KHTML, like Gecko) Chrome/83.0.4103.116 Safari/537.36"
::1 - - [02/Jul/2020:06:02:42 +0000] "GET / HTTP/1.1" 304 - "http://localhost:8000/users/signIn" "Mozilla/5.0 (Windows NT 10.0; Win64; x64) AppleWebKit/537.36 (KHTML, like Gecko) Chrome/83.0.4103.116 Safari/537.36"
[0mGET / [32m200[0m 88.515 ms - 15033[0m
[0mGET /users/signIn [32m200[0m 16.158 ms - 10129[0m
[0mPOST /users/create_session [36m302[0m 10.983 ms - 46[0m
[0mGET / [32m200[0m 56.178 ms - 24579[0m
[0mGET /users/profile/5eedf0b738647f2df40c92aa [36m304[0m 36.862 ms - -[0m
[0mGET / [32m200[0m 57.527 ms - 24421[0m
[0mGET / [32m200[0m 63.516 ms - 24584[0m
[0mGET / [32m200[0m 82.746 ms - 24571[0m
[0mGET / [36m304[0m 62.592 ms - -[0m
[0mGET / [32m200[0m 52.398 ms - 24611[0m
[0mGET / [32m200[0m 50.270 ms - 24622[0m
[0mGET / [36m304[0m 46.059 ms - -[0m
[0mGET / [36m304[0m 80.238 ms - -[0m
[0mGET / [32m200[0m 44.609 ms - 24670[0m
[0mGET / [36m304[0m 103.056 ms - -[0m
[0mGET / [32m200[0m 64.695 ms - 24670[0m
[0mGET / [32m200[0m 112.399 ms - 24607[0m
[0mGET / [32m200[0m 51.986 ms - 24605[0m
[0mGET / [32m200[0m 200.835 ms - 24614[0m
[0mGET / [32m200[0m 63.101 ms - 24607[0m
[0mGET / [32m200[0m 194.603 ms - 24595[0m
[0mGET / [32m200[0m 86.113 ms - 24597[0m
[0mGET / [32m200[0m 53.998 ms - 24624[0m
[0mGET / [32m200[0m 71.715 ms - 24645[0m
[0mGET / [36m304[0m 52.833 ms - -[0m
[0mGET / [36m304[0m 65.340 ms - -[0m
[0mGET / [32m200[0m 44.423 ms - 24657[0m
[0mGET / [32m200[0m 77.782 ms - 24607[0m
[0mGET / [32m200[0m 84.614 ms - 24632[0m
[0mGET / [32m200[0m 45.432 ms - 24654[0m
[0mGET / [32m200[0m 62.153 ms - 24654[0m
[0mGET / [32m200[0m 42.607 ms - 24654[0m
[0mGET / [32m200[0m 36.663 ms - 24665[0m
[0mGET / [32m200[0m 58.654 ms - 24667[0m
[0mGET / [32m200[0m 53.841 ms - 24675[0m
[0mGET / [32m200[0m 53.968 ms - 24684[0m
[0mGET / [32m200[0m 56.794 ms - 24684[0m
[0mGET / [32m200[0m 49.238 ms - 24687[0m
[0mGET / [36m304[0m 58.442 ms - -[0m
[0mGET / [32m200[0m 49.436 ms - 24641[0m
[0mGET / [32m200[0m 48.965 ms - 24642[0m
[0mGET / [32m200[0m 90.254 ms - 15241[0m
[0mGET / [36m304[0m 53.892 ms - -[0m
[0mGET /users/signIn [32m200[0m 46.879 ms - 10337[0m
[0mPOST /users/create_session [36m302[0m 21.827 ms - 46[0m
[0mGET / [32m200[0m 62.871 ms - 24884[0m
[0mGET / [32m200[0m 76.102 ms - 24672[0m
[0mGET / [36m304[0m 88.852 ms - -[0m
[0mGET / [36m304[0m 58.436 ms - -[0m
[0mGET / [36m304[0m 48.187 ms - -[0m
[0mGET / [36m304[0m 57.085 ms - -[0m
[0mGET / [36m304[0m 79.990 ms - -[0m
[0mGET / [36m304[0m 59.486 ms - -[0m
[0mGET / [36m304[0m 73.475 ms - -[0m
[0mGET / [32m200[0m 77.902 ms - 24687[0m
[0mGET / [32m200[0m 190.997 ms - 24689[0m
[0mGET / [32m200[0m 170.211 ms - 24813[0m
[0mGET / [32m200[0m 97.527 ms - 24815[0m
[0mGET / [32m200[0m 92.107 ms - 24800[0m
[0mGET / [32m200[0m 81.977 ms - 24812[0m
[0mGET / [32m200[0m 112.830 ms - 24815[0m
[0mGET / [32m200[0m 85.113 ms - 24785[0m
[0mGET / [32m200[0m 95.500 ms - 24799[0m
[0mGET / [32m200[0m 86.566 ms - 24804[0m
[0mGET / [32m200[0m 73.494 ms - 24809[0m
[0mGET / [32m200[0m 84.601 ms - 24795[0m
[0mGET / [32m200[0m 73.075 ms - 24819[0m
[0mGET / [36m304[0m 75.245 ms - -[0m
[0mGET / [32m200[0m 160.678 ms - 24824[0m
[0mGET / [36m304[0m 86.857 ms - -[0m
[0mGET / [36m304[0m 128.745 ms - -[0m
[0mGET / [32m200[0m 113.603 ms - 24834[0m
[0mGET / [36m304[0m 160.036 ms - -[0m
[0mGET / [36m304[0m 113.806 ms - -[0m
[0mGET / [36m304[0m 89.888 ms - -[0m
[0mGET / [32m200[0m 190.289 ms - 24869[0m
[0mGET / [36m304[0m 114.724 ms - -[0m
[0mGET / [32m200[0m 137.020 ms - 24882[0m
[0mGET / [36m304[0m 88.953 ms - -[0m
[0mGET / [36m304[0m 97.369 ms - -[0m
[0mGET / [36m304[0m 90.105 ms - -[0m
[0mGET / [32m200[0m 126.970 ms - 24858[0m
[0mGET / [32m200[0m 190.044 ms - 24882[0m
[0mGET / [36m304[0m 141.915 ms - -[0m
[0mGET / [36m304[0m 113.538 ms - -[0m
[0mGET / [36m304[0m 137.958 ms - -[0m
[0mGET / [36m304[0m 87.485 ms - -[0m
[0mGET / [36m304[0m 129.333 ms - -[0m
[0mGET / [36m304[0m 75.499 ms - -[0m
[0mGET / [36m304[0m 190.349 ms - -[0m
[0mGET / [36m304[0m 108.742 ms - -[0m
[0mGET / [36m304[0m 126.871 ms - -[0m
[0mGET / [36m304[0m 225.051 ms - -[0m
[0mGET / [36m304[0m 101.059 ms - -[0m
[0mGET / [36m304[0m 87.245 ms - -[0m
[0mGET / [36m304[0m 148.700 ms - -[0m
[0mGET / [36m304[0m 95.980 ms - -[0m
[0mGET / [36m304[0m 127.573 ms - -[0m
[0mGET / [36m304[0m 100.231 ms - -[0m
[0mGET / [36m304[0m 93.417 ms - -[0m
[0mGET / [36m304[0m 89.076 ms - -[0m
[0mGET / [36m304[0m 115.795 ms - -[0m
[0mGET / [36m304[0m 175.086 ms - -[0m
[0mGET / [36m304[0m 107.055 ms - -[0m
[0mGET / [36m304[0m 87.265 ms - -[0m
[0mGET / [36m304[0m 148.757 ms - -[0m
[0mGET / [36m304[0m 194.861 ms - -[0m
[0mGET / [36m304[0m 142.458 ms - -[0m
[0mGET / [36m304[0m 124.706 ms - -[0m
[0mGET / [36m304[0m 126.091 ms - -[0m
[0mGET / [36m304[0m 68.520 ms - -[0m
[0mGET / [36m304[0m 93.506 ms - -[0m
[0mGET / [36m304[0m 106.584 ms - -[0m
[0mGET / [36m304[0m 84.215 ms - -[0m
[0mGET / [36m304[0m 98.927 ms - -[0m
[0mGET / [36m304[0m 148.747 ms - -[0m
[0mGET / [36m304[0m 153.307 ms - -[0m
[0mGET / [36m304[0m 190.268 ms - -[0m
[0mGET / [36m304[0m 101.434 ms - -[0m
[0mGET / [36m304[0m 102.339 ms - -[0m
[0mGET / [36m304[0m 87.773 ms - -[0m
[0mGET / [36m304[0m 86.458 ms - -[0m
[0mGET / [36m304[0m 103.087 ms - -[0m
[0mGET / [36m304[0m 83.849 ms - -[0m
[0mGET / [36m304[0m 94.106 ms - -[0m
[0mGET / [36m304[0m 76.669 ms - -[0m
[0mGET / [36m304[0m 99.701 ms - -[0m
[0mGET / [36m304[0m 71.809 ms - -[0m
[0mGET / [36m304[0m 83.159 ms - -[0m
[0mGET / [36m304[0m 70.775 ms - -[0m
[0mGET / [36m304[0m 76.358 ms - -[0m
[0mGET / [32m200[0m 85.489 ms - 24876[0m
[0mGET / [32m200[0m 60.387 ms - 24882[0m
[0mGET / [36m304[0m 52.543 ms - -[0m
[0mGET / [36m304[0m 94.859 ms - -[0m
[0mGET / [36m304[0m 61.066 ms - -[0m
[0mGET / [36m304[0m 140.743 ms - -[0m
[0mGET / [36m304[0m 119.570 ms - -[0m
[0mGET / [36m304[0m 160.671 ms - -[0m
[0mGET / [36m304[0m 72.958 ms - -[0m
[0mGET / [36m304[0m 142.294 ms - -[0m
[0mGET / [36m304[0m 150.508 ms - -[0m
[0mGET / [36m304[0m 129.502 ms - -[0m
[0mGET / [36m304[0m 140.344 ms - -[0m
[0mGET / [36m304[0m 112.225 ms - -[0m
[0mGET / [36m304[0m 93.129 ms - -[0m
